<?xml version="1.0" encoding="UTF-8"?>
<robot generator="Robot 4.1.2 (Python 3.10.6 on darwin)" generated="20220926 13:58:02.056" rpa="false" schemaversion="2">
<suite id="s1" name="ARCLMU-3181" source="/Users/israel.garate/Desktop/Tsoft/Descargas Tsoft/acmeapporangeosp-master/tests/ARCLMU-3181.robot">
<test id="s1-t1" name="PRECONDICION">
<kw name="Fecha y hora de inicio de la Suite" library="keywords">
<kw name="Get Current Date" library="DateTime">
<var>${fecha_inicial}</var>
<arg>result_format=timestamp</arg>
<doc>Returns current local or UTC time with an optional increment.</doc>
<msg timestamp="20220926 13:58:02.980" level="INFO">${fecha_inicial} = 2022-09-26 13:58:02.980</msg>
<status status="PASS" starttime="20220926 13:58:02.980" endtime="20220926 13:58:02.980"/>
</kw>
<kw name="Get Current Date" library="DateTime">
<var>${fecha_inicial}</var>
<arg>result_format=%Y-%m-%dT%H:%M:%S.%f</arg>
<doc>Returns current local or UTC time with an optional increment.</doc>
<msg timestamp="20220926 13:58:02.980" level="INFO">${fecha_inicial} = 2022-09-26T13:58:02.979831</msg>
<status status="PASS" starttime="20220926 13:58:02.980" endtime="20220926 13:58:02.980"/>
</kw>
<kw name="Get Substring" library="String">
<var>${fecha_inicial}</var>
<arg>${fecha_inicial}</arg>
<arg>0</arg>
<arg>23</arg>
<doc>Returns a substring from ``start`` index to ``end`` index.</doc>
<msg timestamp="20220926 13:58:02.980" level="INFO">${fecha_inicial} = 2022-09-26T13:58:02.979</msg>
<status status="PASS" starttime="20220926 13:58:02.980" endtime="20220926 13:58:02.980"/>
</kw>
<kw name="Create List" library="BuiltIn">
<var>${lista_testplan}</var>
<arg>${test_plan}</arg>
<doc>Returns a list containing given items.</doc>
<msg timestamp="20220926 13:58:02.980" level="INFO">${lista_testplan} = ['ARCLMU-3181']</msg>
<status status="PASS" starttime="20220926 13:58:02.980" endtime="20220926 13:58:02.980"/>
</kw>
<kw name="Get File" library="OperatingSystem">
<var>${json_xray_suite}</var>
<arg>./resources/json/xray_suite_plantilla.json</arg>
<doc>Returns the contents of a specified file.</doc>
<msg timestamp="20220926 13:58:02.980" level="INFO" html="true">Getting file '&lt;a href="file:///Users/israel.garate/Desktop/Tsoft/Descargas Tsoft/acmeapporangeosp-master/resources/json/xray_suite_plantilla.json"&gt;/Users/israel.garate/Desktop/Tsoft/Descargas Tsoft/acmeapporangeosp-master/resources/json/xray_suite_plantilla.json&lt;/a&gt;'.</msg>
<msg timestamp="20220926 13:58:02.981" level="INFO">${json_xray_suite} = {
    "fields": {
        "summary": "ACME: AREA CLIENTE MULTIPLATAFORMA ECARE",
        "description": "",
        "customfield_14817": "2021-02-07T18:11:43.537+0100",
        "customfield_14818": "2...</msg>
<status status="PASS" starttime="20220926 13:58:02.980" endtime="20220926 13:58:02.981"/>
</kw>
<kw name="Evaluate" library="BuiltIn">
<var>${object}</var>
<arg>json.loads('''${json_xray_suite}''')</arg>
<arg>json</arg>
<doc>Evaluates the given expression in Python and returns the result.</doc>
<msg timestamp="20220926 13:58:02.981" level="INFO">${object} = {'fields': {'summary': 'ACME: AREA CLIENTE MULTIPLATAFORMA ECARE', 'description': '', 'customfield_14817': '2021-02-07T18:11:43.537+0100', 'customfield_14818': '2020-11-03T13:11:53.564+0100', 'customf...</msg>
<status status="PASS" starttime="20220926 13:58:02.981" endtime="20220926 13:58:02.981"/>
</kw>
<kw name="Set To Dictionary" library="Collections">
<arg>${object["fields"]}</arg>
<arg>customfield_14817=${fecha_inicial}+0100</arg>
<doc>Adds the given ``key_value_pairs`` and ``items`` to the ``dictionary``.</doc>
<status status="PASS" starttime="20220926 13:58:02.981" endtime="20220926 13:58:02.983"/>
</kw>
<kw name="Set To Dictionary" library="Collections">
<arg>${object["fields"]}</arg>
<arg>customfield_14827=${lista_testplan}</arg>
<doc>Adds the given ``key_value_pairs`` and ``items`` to the ``dictionary``.</doc>
<status status="PASS" starttime="20220926 13:58:02.983" endtime="20220926 13:58:02.984"/>
</kw>
<kw name="Dumps" library="json">
<var>${xray_suite}</var>
<arg>${object}</arg>
<arg>ensure_ascii=False</arg>
<doc>Serialize ``obj`` to a JSON formatted ``str``.</doc>
<msg timestamp="20220926 13:58:02.984" level="INFO">${xray_suite} = {"fields": {"summary": "ACME: AREA CLIENTE MULTIPLATAFORMA ECARE", "description": "", "customfield_14817": "2022-09-26T13:58:02.979+0100", "customfield_14818": "2020-11-03T13:11:53.564+0100", "customf...</msg>
<status status="PASS" starttime="20220926 13:58:02.984" endtime="20220926 13:58:02.984"/>
</kw>
<kw name="Create File" library="OperatingSystem">
<arg>./output/xray/xray_suite.json</arg>
<arg>${xray_suite}</arg>
<doc>Creates a file with the given content and encoding.</doc>
<msg timestamp="20220926 13:58:02.985" level="INFO" html="true">Created file '&lt;a href="file:///Users/israel.garate/Desktop/Tsoft/Descargas Tsoft/acmeapporangeosp-master/output/xray/xray_suite.json"&gt;/Users/israel.garate/Desktop/Tsoft/Descargas Tsoft/acmeapporangeosp-master/output/xray/xray_suite.json&lt;/a&gt;'.</msg>
<status status="PASS" starttime="20220926 13:58:02.984" endtime="20220926 13:58:02.985"/>
</kw>
<kw name="Log To Console" library="BuiltIn">
<arg>*</arg>
<doc>Logs the given message to the console.</doc>
<status status="PASS" starttime="20220926 13:58:02.985" endtime="20220926 13:58:02.985"/>
</kw>
<kw name="Log To Console" library="BuiltIn">
<arg>*****************************************************************************************************************************************</arg>
<doc>Logs the given message to the console.</doc>
<status status="PASS" starttime="20220926 13:58:02.985" endtime="20220926 13:58:02.985"/>
</kw>
<kw name="Log To Console" library="BuiltIn">
<arg>*****************************************************************************************************************************************</arg>
<doc>Logs the given message to the console.</doc>
<status status="PASS" starttime="20220926 13:58:02.985" endtime="20220926 13:58:02.986"/>
</kw>
<kw name="Log To Console" library="BuiltIn">
<arg>*****************************************************************************************************************************************</arg>
<doc>Logs the given message to the console.</doc>
<status status="PASS" starttime="20220926 13:58:02.986" endtime="20220926 13:58:02.986"/>
</kw>
<kw name="Log To Console" library="BuiltIn">
<arg>*****************************************************************************************************************************************</arg>
<doc>Logs the given message to the console.</doc>
<status status="PASS" starttime="20220926 13:58:02.986" endtime="20220926 13:58:02.986"/>
</kw>
<kw name="Log To Console" library="BuiltIn">
<arg>TEST PLAN QUE SE INICIA:</arg>
<doc>Logs the given message to the console.</doc>
<status status="PASS" starttime="20220926 13:58:02.986" endtime="20220926 13:58:02.986"/>
</kw>
<kw name="Log To Console" library="BuiltIn">
<arg>${test_plan}-[ACME-TEST PLAN-AUTOMATIC]-Batería de Pruebas de regresión automáticas ${perfil}</arg>
<doc>Logs the given message to the console.</doc>
<status status="PASS" starttime="20220926 13:58:02.986" endtime="20220926 13:58:02.986"/>
</kw>
<kw name="Log To Console" library="BuiltIn">
<arg>*</arg>
<doc>Logs the given message to the console.</doc>
<status status="PASS" starttime="20220926 13:58:02.986" endtime="20220926 13:58:02.986"/>
</kw>
<kw name="Log To Console" library="BuiltIn">
<arg>Lo vamos a ejecutar contra el entorno ${entorno} y sobre un navegador ${deviceName}</arg>
<doc>Logs the given message to the console.</doc>
<status status="PASS" starttime="20220926 13:58:02.986" endtime="20220926 13:58:02.986"/>
</kw>
<kw name="Log To Console" library="BuiltIn">
<arg>*****************************************************************************************************************************************</arg>
<doc>Logs the given message to the console.</doc>
<status status="PASS" starttime="20220926 13:58:02.986" endtime="20220926 13:58:02.986"/>
</kw>
<kw name="Log To Console" library="BuiltIn">
<arg>*****************************************************************************************************************************************</arg>
<doc>Logs the given message to the console.</doc>
<status status="PASS" starttime="20220926 13:58:02.986" endtime="20220926 13:58:02.986"/>
</kw>
<kw name="Log To Console" library="BuiltIn">
<arg>*****************************************************************************************************************************************</arg>
<doc>Logs the given message to the console.</doc>
<status status="PASS" starttime="20220926 13:58:02.986" endtime="20220926 13:58:02.987"/>
</kw>
<kw name="Log To Console" library="BuiltIn">
<arg>*****************************************************************************************************************************************</arg>
<doc>Logs the given message to the console.</doc>
<status status="PASS" starttime="20220926 13:58:02.987" endtime="20220926 13:58:02.987"/>
</kw>
<status status="PASS" starttime="20220926 13:58:02.979" endtime="20220926 13:58:02.987"/>
</kw>
<kw name="Preparo fecha y hora de los tests" library="keywords">
<kw name="Get File" library="OperatingSystem">
<var>${json_xray_test}</var>
<arg>./resources/json/xray_test_plantilla.json</arg>
<doc>Returns the contents of a specified file.</doc>
<msg timestamp="20220926 13:58:02.987" level="INFO" html="true">Getting file '&lt;a href="file:///Users/israel.garate/Desktop/Tsoft/Descargas Tsoft/acmeapporangeosp-master/resources/json/xray_test_plantilla.json"&gt;/Users/israel.garate/Desktop/Tsoft/Descargas Tsoft/acmeapporangeosp-master/resources/json/xray_test_plantilla.json&lt;/a&gt;'.</msg>
<msg timestamp="20220926 13:58:02.987" level="INFO">${json_xray_test} = {
    "tests": []
}</msg>
<status status="PASS" starttime="20220926 13:58:02.987" endtime="20220926 13:58:02.987"/>
</kw>
<kw name="Evaluate" library="BuiltIn">
<var>${object}</var>
<arg>json.loads('''${json_xray_test}''')</arg>
<arg>json</arg>
<doc>Evaluates the given expression in Python and returns the result.</doc>
<msg timestamp="20220926 13:58:02.987" level="INFO">${object} = {'tests': []}</msg>
<status status="PASS" starttime="20220926 13:58:02.987" endtime="20220926 13:58:02.987"/>
</kw>
<kw name="Dumps" library="json">
<var>${json_xray_test}</var>
<arg>${object}</arg>
<arg>ensure_ascii=False</arg>
<doc>Serialize ``obj`` to a JSON formatted ``str``.</doc>
<msg timestamp="20220926 13:58:02.988" level="INFO">${json_xray_test} = {"tests": []}</msg>
<status status="PASS" starttime="20220926 13:58:02.988" endtime="20220926 13:58:02.988"/>
</kw>
<kw name="Create File" library="OperatingSystem">
<arg>./output/xray/xray_test.json</arg>
<arg>${json_xray_test}</arg>
<doc>Creates a file with the given content and encoding.</doc>
<msg timestamp="20220926 13:58:02.988" level="INFO" html="true">Created file '&lt;a href="file:///Users/israel.garate/Desktop/Tsoft/Descargas Tsoft/acmeapporangeosp-master/output/xray/xray_test.json"&gt;/Users/israel.garate/Desktop/Tsoft/Descargas Tsoft/acmeapporangeosp-master/output/xray/xray_test.json&lt;/a&gt;'.</msg>
<status status="PASS" starttime="20220926 13:58:02.988" endtime="20220926 13:58:02.988"/>
</kw>
<status status="PASS" starttime="20220926 13:58:02.987" endtime="20220926 13:58:02.988"/>
</kw>
<kw name="Pasa los certificados" library="keywords">
<kw name="Warning" library="travelfree">
<status status="PASS" starttime="20220926 13:58:02.988" endtime="20220926 13:58:02.988"/>
</kw>
<kw name="Verify" library="travelfree">
<arg>${REMOTE_URL}</arg>
<status status="PASS" starttime="20220926 13:58:02.988" endtime="20220926 13:58:03.474"/>
</kw>
<status status="PASS" starttime="20220926 13:58:02.988" endtime="20220926 13:58:03.474"/>
</kw>
<kw name="Abro app" library="keywords">
<kw name="Set Library Search Order" library="BuiltIn">
<arg>AppiumLibrary</arg>
<arg>SikuliLibrary</arg>
<doc>Sets the resolution order to use when a name matches multiple keywords.</doc>
<status status="PASS" starttime="20220926 13:58:03.476" endtime="20220926 13:58:03.476"/>
</kw>
<kw name="Set Variable If" library="BuiltIn">
<var>${env}</var>
<arg>'${entorno}' == 'ENT1'</arg>
<arg>https://ecare.uat2.si.orange.es/soycliente/</arg>
<arg>'${entorno}' == 'ENT2'</arg>
<arg>https://ecare.uat.si.orange.es/soycliente/</arg>
<arg>'${entorno}' == 'ASEG'</arg>
<arg>https://ecare.ase.si.orange.es/soycliente/</arg>
<arg>'${entorno}' == 'LOCAL'</arg>
<arg>http://localhost:4201/soycliente/</arg>
<arg>'${entorno}' == 'PROD'</arg>
<arg>https://areaprivada.orange.es/soycliente/</arg>
<doc>Sets variable based on the given condition.</doc>
<kw name="Set Variable If" library="BuiltIn">
<arg>'${entorno}' == 'ENT2'</arg>
<arg>https://ecare.uat.si.orange.es/soycliente/</arg>
<arg>'${entorno}' == 'ASEG'</arg>
<arg>https://ecare.ase.si.orange.es/soycliente/</arg>
<arg>'${entorno}' == 'LOCAL'</arg>
<arg>http://localhost:4201/soycliente/</arg>
<arg>'${entorno}' == 'PROD'</arg>
<arg>https://areaprivada.orange.es/soycliente/</arg>
<doc>Sets variable based on the given condition.</doc>
<kw name="Set Variable If" library="BuiltIn">
<arg>'${entorno}' == 'ASEG'</arg>
<arg>https://ecare.ase.si.orange.es/soycliente/</arg>
<arg>'${entorno}' == 'LOCAL'</arg>
<arg>http://localhost:4201/soycliente/</arg>
<arg>'${entorno}' == 'PROD'</arg>
<arg>https://areaprivada.orange.es/soycliente/</arg>
<doc>Sets variable based on the given condition.</doc>
<kw name="Set Variable If" library="BuiltIn">
<arg>'${entorno}' == 'LOCAL'</arg>
<arg>http://localhost:4201/soycliente/</arg>
<arg>'${entorno}' == 'PROD'</arg>
<arg>https://areaprivada.orange.es/soycliente/</arg>
<doc>Sets variable based on the given condition.</doc>
<kw name="Set Variable If" library="BuiltIn">
<arg>'${entorno}' == 'PROD'</arg>
<arg>https://areaprivada.orange.es/soycliente/</arg>
<doc>Sets variable based on the given condition.</doc>
<status status="PASS" starttime="20220926 13:58:03.479" endtime="20220926 13:58:03.480"/>
</kw>
<status status="PASS" starttime="20220926 13:58:03.479" endtime="20220926 13:58:03.480"/>
</kw>
<status status="PASS" starttime="20220926 13:58:03.478" endtime="20220926 13:58:03.480"/>
</kw>
<status status="PASS" starttime="20220926 13:58:03.477" endtime="20220926 13:58:03.480"/>
</kw>
<msg timestamp="20220926 13:58:03.480" level="INFO">${env} = https://areaprivada.orange.es/soycliente/</msg>
<status status="PASS" starttime="20220926 13:58:03.476" endtime="20220926 13:58:03.480"/>
</kw>
<kw name="Set Global Variable" library="BuiltIn">
<arg>${env}</arg>
<doc>Makes a variable available globally in all tests and suites.</doc>
<msg timestamp="20220926 13:58:03.481" level="INFO">${env} = https://areaprivada.orange.es/soycliente/</msg>
<status status="PASS" starttime="20220926 13:58:03.480" endtime="20220926 13:58:03.481"/>
</kw>
<kw name="Open Application" library="AppiumLibrary">
<arg>${REMOTE_URL}</arg>
<arg>automationName=UIAutomator2</arg>
<arg>platformName=${PLATFORM_NAME}</arg>
<arg>os_version=${PLATFORM_VERSION}</arg>
<arg>device=${DEVICE_NAME}</arg>
<arg>deviceOrientation=${DEVICE_ORIENTATION}</arg>
<arg>app=bs://5fdc9bcae36189ba0aa9022f58e20db555d9b435</arg>
<arg>name=${TEST_NAME}</arg>
<arg>build=${TEST_BUILD}</arg>
<arg>autoGrantPermissions=true</arg>
<arg>autoAcceptAlerts=true</arg>
<arg>autoDismissAlerts=true</arg>
<arg>noReset=true</arg>
<doc>Opens a new application to given Appium server.
Capabilities of appium server, Android and iOS,
Please check https://github.com/appium/appium/blob/master/docs/en/writing-running-appium/server-args.md
| *Option*            | *Man.* | *Description*     |
| remote_url          | Yes    | Appium server url |
| alias               | no     | alias             |</doc>
<status status="PASS" starttime="20220926 13:58:03.481" endtime="20220926 13:58:37.979"/>
</kw>
<kw name="Sleep" library="BuiltIn">
<arg>2</arg>
<doc>Pauses the test executed for the given time.</doc>
<msg timestamp="20220926 13:58:39.982" level="INFO">Slept 2 seconds</msg>
<status status="PASS" starttime="20220926 13:58:37.980" endtime="20220926 13:58:39.983"/>
</kw>
<kw name="Log To Console" library="BuiltIn">
<arg>${entorno}</arg>
<doc>Logs the given message to the console.</doc>
<status status="PASS" starttime="20220926 13:58:39.983" endtime="20220926 13:58:39.985"/>
</kw>
<kw name="Log To Console" library="BuiltIn">
<arg>${env}</arg>
<doc>Logs the given message to the console.</doc>
<status status="PASS" starttime="20220926 13:58:39.985" endtime="20220926 13:58:39.986"/>
</kw>
<status status="PASS" starttime="20220926 13:58:03.475" endtime="20220926 13:58:39.986"/>
</kw>
<kw name="Teardown PRECONDICION" library="teardown_ARCLMU_3181" type="TEARDOWN">
<kw name="Log To Console" library="BuiltIn">
<arg>Esta es la PRECONDICIÓN</arg>
<doc>Logs the given message to the console.</doc>
<status status="PASS" starttime="20220926 13:58:39.988" endtime="20220926 13:58:39.989"/>
</kw>
<status status="PASS" starttime="20220926 13:58:39.987" endtime="20220926 13:58:39.989"/>
</kw>
<status status="PASS" starttime="20220926 13:58:02.979" endtime="20220926 13:58:39.989"/>
</test>
<test id="s1-t2" name="ARCLMU-9999">
<kw name="Fecha y hora del inicio del test" library="keywords">
<kw name="Get Current Date" library="DateTime">
<var>${inicial_test}</var>
<arg>result_format=timestamp</arg>
<doc>Returns current local or UTC time with an optional increment.</doc>
<msg timestamp="20220926 13:58:39.994" level="INFO">${inicial_test} = 2022-09-26 13:58:39.994</msg>
<status status="PASS" starttime="20220926 13:58:39.993" endtime="20220926 13:58:39.994"/>
</kw>
<kw name="Get Current Date" library="DateTime">
<var>${inicial_test}</var>
<arg>result_format=%Y-%m-%dT%H:%M:%S.%f</arg>
<doc>Returns current local or UTC time with an optional increment.</doc>
<msg timestamp="20220926 13:58:39.994" level="INFO">${inicial_test} = 2022-09-26T13:58:39.994269</msg>
<status status="PASS" starttime="20220926 13:58:39.994" endtime="20220926 13:58:39.994"/>
</kw>
<kw name="Get Substring" library="String">
<var>${inicial_test}</var>
<arg>${inicial_test}</arg>
<arg>0</arg>
<arg>23</arg>
<doc>Returns a substring from ``start`` index to ``end`` index.</doc>
<msg timestamp="20220926 13:58:39.995" level="INFO">${inicial_test} = 2022-09-26T13:58:39.994</msg>
<status status="PASS" starttime="20220926 13:58:39.995" endtime="20220926 13:58:39.995"/>
</kw>
<kw name="Set Suite Variable" library="BuiltIn">
<arg>${inicial_test}</arg>
<doc>Makes a variable available everywhere within the scope of the current suite.</doc>
<msg timestamp="20220926 13:58:39.996" level="INFO">${inicial_test} = 2022-09-26T13:58:39.994</msg>
<status status="PASS" starttime="20220926 13:58:39.995" endtime="20220926 13:58:39.996"/>
</kw>
<kw name="Log To Console" library="BuiltIn">
<arg>*</arg>
<doc>Logs the given message to the console.</doc>
<status status="PASS" starttime="20220926 13:58:39.996" endtime="20220926 13:58:39.996"/>
</kw>
<kw name="Log To Console" library="BuiltIn">
<arg>********************************************************************************************************</arg>
<doc>Logs the given message to the console.</doc>
<status status="PASS" starttime="20220926 13:58:39.996" endtime="20220926 13:58:39.997"/>
</kw>
<kw name="Log To Console" library="BuiltIn">
<arg>********************************************************************************************************</arg>
<doc>Logs the given message to the console.</doc>
<status status="PASS" starttime="20220926 13:58:39.997" endtime="20220926 13:58:39.997"/>
</kw>
<kw name="Log To Console" library="BuiltIn">
<arg>********************************************************************************************************</arg>
<doc>Logs the given message to the console.</doc>
<status status="PASS" starttime="20220926 13:58:39.997" endtime="20220926 13:58:39.998"/>
</kw>
<kw name="Log To Console" library="BuiltIn">
<arg>TEST EN EJECUCIÓN:</arg>
<doc>Logs the given message to the console.</doc>
<status status="PASS" starttime="20220926 13:58:39.998" endtime="20220926 13:58:39.998"/>
</kw>
<kw name="Log To Console" library="BuiltIn">
<arg>${TEST_NAME}-${TEST_TAGS}</arg>
<doc>Logs the given message to the console.</doc>
<status status="PASS" starttime="20220926 13:58:39.998" endtime="20220926 13:58:39.999"/>
</kw>
<kw name="Log To Console" library="BuiltIn">
<arg>*</arg>
<doc>Logs the given message to the console.</doc>
<status status="PASS" starttime="20220926 13:58:39.999" endtime="20220926 13:58:39.999"/>
</kw>
<kw name="Log To Console" library="BuiltIn">
<arg>Se trata de un perfil ${perfil} contra el entorno ${entorno} y sobre un dispositivo real</arg>
<doc>Logs the given message to the console.</doc>
<status status="PASS" starttime="20220926 13:58:39.999" endtime="20220926 13:58:40.000"/>
</kw>
<kw name="Log To Console" library="BuiltIn">
<arg>*</arg>
<doc>Logs the given message to the console.</doc>
<status status="PASS" starttime="20220926 13:58:40.000" endtime="20220926 13:58:40.000"/>
</kw>
<kw name="Log To Console" library="BuiltIn">
<arg>********************************************************************************************************</arg>
<doc>Logs the given message to the console.</doc>
<status status="PASS" starttime="20220926 13:58:40.000" endtime="20220926 13:58:40.000"/>
</kw>
<kw name="Log To Console" library="BuiltIn">
<arg>********************************************************************************************************</arg>
<doc>Logs the given message to the console.</doc>
<status status="PASS" starttime="20220926 13:58:40.000" endtime="20220926 13:58:40.000"/>
</kw>
<kw name="Log To Console" library="BuiltIn">
<arg>********************************************************************************************************</arg>
<doc>Logs the given message to the console.</doc>
<status status="PASS" starttime="20220926 13:58:40.001" endtime="20220926 13:58:40.001"/>
</kw>
<status status="PASS" starttime="20220926 13:58:39.993" endtime="20220926 13:58:40.001"/>
</kw>
<kw name="Acceder al dashboard principal" library="keywords">
<kw name="Sleep" library="BuiltIn">
<arg>4</arg>
<doc>Pauses the test executed for the given time.</doc>
<msg timestamp="20220926 13:58:44.003" level="INFO">Slept 4 seconds</msg>
<status status="PASS" starttime="20220926 13:58:40.001" endtime="20220926 13:58:44.003"/>
</kw>
<kw name="Go To Url" library="AppiumLibrary">
<arg>url=${env}${pag_dashboard}</arg>
<doc>Opens URL in default web browser.</doc>
<status status="PASS" starttime="20220926 13:58:44.003" endtime="20220926 13:58:44.265"/>
</kw>
<kw name="Sleep" library="BuiltIn">
<arg>1</arg>
<doc>Pauses the test executed for the given time.</doc>
<msg timestamp="20220926 13:58:45.266" level="INFO">Slept 1 second</msg>
<status status="PASS" starttime="20220926 13:58:44.266" endtime="20220926 13:58:45.267"/>
</kw>
<kw name="Click Element" library="AppiumLibrary">
<arg>${TV}</arg>
<doc>Click element identified by `locator`.</doc>
<msg timestamp="20220926 13:58:45.289" level="INFO">Clicking element 'xpath=/hierarchy/android.widget.FrameLayout/android.widget.LinearLayout/android.widget.FrameLayout/android.widget.LinearLayout/android.widget.FrameLayout/android.view.ViewGroup/android.webkit.WebView/android.webkit.WebView/android.view.View/android.view.View/android.view.View/android.view.View[2]/android.view.View[2]/android.view.View/android.view.View[1]'.</msg>
<kw name="Capture Page Screenshot" library="AppiumLibrary">
<doc>Takes a screenshot of the current page and embeds it into the log.</doc>
<msg timestamp="20220926 13:58:46.378" level="INFO" html="true">&lt;/td&gt;&lt;/tr&gt;&lt;tr&gt;&lt;td colspan="3"&gt;&lt;a href="appium-screenshot-1.png"&gt;&lt;img src="appium-screenshot-1.png" width="800px"&gt;&lt;/a&gt;</msg>
<status status="PASS" starttime="20220926 13:58:45.626" endtime="20220926 13:58:46.378"/>
</kw>
<msg timestamp="20220926 13:58:46.382" level="FAIL">ValueError: Element locator 'xpath=/hierarchy/android.widget.FrameLayout/android.widget.LinearLayout/android.widget.FrameLayout/android.widget.LinearLayout/android.widget.FrameLayout/android.view.ViewGroup/android.webkit.WebView/android.webkit.WebView/android.view.View/android.view.View/android.view.View/android.view.View[2]/android.view.View[2]/android.view.View/android.view.View[1]' did not match any elements.</msg>
<status status="FAIL" starttime="20220926 13:58:45.267" endtime="20220926 13:58:46.382"/>
</kw>
<kw name="Sleep" library="BuiltIn">
<arg>1</arg>
<doc>Pauses the test executed for the given time.</doc>
<status status="NOT RUN" starttime="20220926 13:58:46.383" endtime="20220926 13:58:46.383"/>
</kw>
<kw name="Cierro NBA si existe" library="keywords">
<status status="NOT RUN" starttime="20220926 13:58:46.383" endtime="20220926 13:58:46.383"/>
</kw>
<kw name="Click Element" library="AppiumLibrary">
<arg>${selector_movil}</arg>
<doc>Click element identified by `locator`.</doc>
<status status="NOT RUN" starttime="20220926 13:58:46.383" endtime="20220926 13:58:46.383"/>
</kw>
<kw name="Cierro NBA si existe" library="keywords">
<status status="NOT RUN" starttime="20220926 13:58:46.383" endtime="20220926 13:58:46.383"/>
</kw>
<kw name="Graba video desde aquí" library="keywords">
<status status="NOT RUN" starttime="20220926 13:58:46.384" endtime="20220926 13:58:46.384"/>
</kw>
<status status="FAIL" starttime="20220926 13:58:40.001" endtime="20220926 13:58:46.384"/>
</kw>
<kw name="Deslogarte" library="keywords">
<status status="NOT RUN" starttime="20220926 13:58:46.385" endtime="20220926 13:58:46.385"/>
</kw>
<kw name="Probar login KO contraseña" library="keywords">
<status status="NOT RUN" starttime="20220926 13:58:46.385" endtime="20220926 13:58:46.385"/>
</kw>
<kw name="Probar login KO pasaporte" library="keywords">
<status status="NOT RUN" starttime="20220926 13:58:46.385" endtime="20220926 13:58:46.385"/>
</kw>
<kw name="Logado OK" library="keywords">
<status status="NOT RUN" starttime="20220926 13:58:46.385" endtime="20220926 13:58:46.385"/>
</kw>
<kw name="Teardown ARCLMU-9999" library="teardown_ARCLMU_3181" type="TEARDOWN">
<kw name="Fecha y hora de fin del test" library="keywords">
<kw name="Get Current Date" library="DateTime">
<var>${final_test}</var>
<arg>local</arg>
<arg>exclude_millis=yes</arg>
<arg>result_format=%Y-%m-%dT%H:%M:%S+01:00</arg>
<doc>Returns current local or UTC time with an optional increment.</doc>
<msg timestamp="20220926 13:58:46.387" level="INFO">${final_test} = 2022-09-26T13:58:46+01:00</msg>
<status status="PASS" starttime="20220926 13:58:46.387" endtime="20220926 13:58:46.387"/>
</kw>
<kw name="Get Current Date" library="DateTime">
<var>${final_test}</var>
<arg>result_format=timestamp</arg>
<doc>Returns current local or UTC time with an optional increment.</doc>
<msg timestamp="20220926 13:58:46.388" level="INFO">${final_test} = 2022-09-26 13:58:46.388</msg>
<status status="PASS" starttime="20220926 13:58:46.388" endtime="20220926 13:58:46.388"/>
</kw>
<kw name="Get Current Date" library="DateTime">
<var>${final_test}</var>
<arg>result_format=%Y-%m-%dT%H:%M:%S.%f</arg>
<doc>Returns current local or UTC time with an optional increment.</doc>
<msg timestamp="20220926 13:58:46.389" level="INFO">${final_test} = 2022-09-26T13:58:46.388603</msg>
<status status="PASS" starttime="20220926 13:58:46.388" endtime="20220926 13:58:46.389"/>
</kw>
<kw name="Get Substring" library="String">
<var>${final_test}</var>
<arg>${final_test}</arg>
<arg>0</arg>
<arg>23</arg>
<doc>Returns a substring from ``start`` index to ``end`` index.</doc>
<msg timestamp="20220926 13:58:46.389" level="INFO">${final_test} = 2022-09-26T13:58:46.388</msg>
<status status="PASS" starttime="20220926 13:58:46.389" endtime="20220926 13:58:46.389"/>
</kw>
<kw name="Create Dictionary" library="BuiltIn">
<var>${datos_test}</var>
<arg>testKey=${TEST_NAME}</arg>
<arg>start=${inicial_test}+0100</arg>
<arg>finish=${final_test}+0100</arg>
<arg>comment=${comentario}</arg>
<arg>status=${TEST STATUS}</arg>
<doc>Creates and returns a dictionary based on the given ``items``.</doc>
<msg timestamp="20220926 13:58:46.391" level="INFO">${datos_test} = {'testKey': 'ARCLMU-9999', 'start': '2022-09-26T13:58:39.994+0100', 'finish': '2022-09-26T13:58:46.388+0100', 'comment': 'Test vinculado al Test Plan ARCLMU-3181 y que se ocupa del perfil POSTPAGO RES...</msg>
<status status="PASS" starttime="20220926 13:58:46.390" endtime="20220926 13:58:46.391"/>
</kw>
<kw name="Create List" library="BuiltIn">
<var>@{lista_tests}</var>
<arg>${datos_test}</arg>
<doc>Returns a list containing given items.</doc>
<msg timestamp="20220926 13:58:46.391" level="INFO">@{lista_tests} = [ {'testKey': 'ARCLMU-9999', 'start': '2022-09-26T13:58:39.994+0100', 'finish': '2022-09-26T13:58:46.388+0100', 'comment': 'Test vinculado al Test Plan ARCLMU-3181 y que se ocupa del perfil POSTPAGO R...</msg>
<status status="PASS" starttime="20220926 13:58:46.391" endtime="20220926 13:58:46.391"/>
</kw>
<kw name="Get File" library="OperatingSystem">
<var>${xray_test}</var>
<arg>./output/xray/xray_test.json</arg>
<doc>Returns the contents of a specified file.</doc>
<msg timestamp="20220926 13:58:46.392" level="INFO" html="true">Getting file '&lt;a href="file:///Users/israel.garate/Desktop/Tsoft/Descargas Tsoft/acmeapporangeosp-master/output/xray/xray_test.json"&gt;/Users/israel.garate/Desktop/Tsoft/Descargas Tsoft/acmeapporangeosp-master/output/xray/xray_test.json&lt;/a&gt;'.</msg>
<msg timestamp="20220926 13:58:46.393" level="INFO">${xray_test} = {"tests": []}</msg>
<status status="PASS" starttime="20220926 13:58:46.392" endtime="20220926 13:58:46.393"/>
</kw>
<kw name="Evaluate" library="BuiltIn">
<var>${xray_test_eval}</var>
<arg>json.loads('''${xray_test}''')</arg>
<arg>json</arg>
<doc>Evaluates the given expression in Python and returns the result.</doc>
<msg timestamp="20220926 13:58:46.393" level="INFO">${xray_test_eval} = {'tests': []}</msg>
<status status="PASS" starttime="20220926 13:58:46.393" endtime="20220926 13:58:46.393"/>
</kw>
<kw name="Append To List" library="Collections">
<arg>${xray_test_eval['tests']}</arg>
<arg>@{lista_tests}</arg>
<doc>Adds ``values`` to the end of ``list``.</doc>
<status status="PASS" starttime="20220926 13:58:46.393" endtime="20220926 13:58:46.399"/>
</kw>
<kw name="Dumps" library="json">
<var>${xray_test}</var>
<arg>${xray_test_eval}</arg>
<arg>ensure_ascii=False</arg>
<doc>Serialize ``obj`` to a JSON formatted ``str``.</doc>
<msg timestamp="20220926 13:58:46.400" level="INFO">${xray_test} = {"tests": [{"testKey": "ARCLMU-9999", "start": "2022-09-26T13:58:39.994+0100", "finish": "2022-09-26T13:58:46.388+0100", "comment": "Test vinculado al Test Plan ARCLMU-3181 y que se ocupa del perfil P...</msg>
<status status="PASS" starttime="20220926 13:58:46.399" endtime="20220926 13:58:46.400"/>
</kw>
<kw name="Create File" library="OperatingSystem">
<arg>./output/xray/xray_test.json</arg>
<arg>${xray_test}</arg>
<doc>Creates a file with the given content and encoding.</doc>
<msg timestamp="20220926 13:58:46.401" level="INFO" html="true">Created file '&lt;a href="file:///Users/israel.garate/Desktop/Tsoft/Descargas Tsoft/acmeapporangeosp-master/output/xray/xray_test.json"&gt;/Users/israel.garate/Desktop/Tsoft/Descargas Tsoft/acmeapporangeosp-master/output/xray/xray_test.json&lt;/a&gt;'.</msg>
<status status="PASS" starttime="20220926 13:58:46.400" endtime="20220926 13:58:46.401"/>
</kw>
<status status="PASS" starttime="20220926 13:58:46.386" endtime="20220926 13:58:46.401"/>
</kw>
<kw name="Fecha y hora de fin de la Suite" library="keywords">
<kw name="Sleep" library="BuiltIn">
<arg>1</arg>
<doc>Pauses the test executed for the given time.</doc>
<msg timestamp="20220926 13:58:47.403" level="INFO">Slept 1 second</msg>
<status status="PASS" starttime="20220926 13:58:46.402" endtime="20220926 13:58:47.403"/>
</kw>
<kw name="Get Current Date" library="DateTime">
<var>${fecha_final}</var>
<arg>result_format=timestamp</arg>
<doc>Returns current local or UTC time with an optional increment.</doc>
<msg timestamp="20220926 13:58:47.405" level="INFO">${fecha_final} = 2022-09-26 13:58:47.405</msg>
<status status="PASS" starttime="20220926 13:58:47.404" endtime="20220926 13:58:47.406"/>
</kw>
<kw name="Get Current Date" library="DateTime">
<var>${fecha_final}</var>
<arg>result_format=%Y-%m-%dT%H:%M:%S.%f</arg>
<doc>Returns current local or UTC time with an optional increment.</doc>
<msg timestamp="20220926 13:58:47.406" level="INFO">${fecha_final} = 2022-09-26T13:58:47.406277</msg>
<status status="PASS" starttime="20220926 13:58:47.406" endtime="20220926 13:58:47.407"/>
</kw>
<kw name="Get Substring" library="String">
<var>${fecha_final}</var>
<arg>${fecha_final}</arg>
<arg>0</arg>
<arg>23</arg>
<doc>Returns a substring from ``start`` index to ``end`` index.</doc>
<msg timestamp="20220926 13:58:47.408" level="INFO">${fecha_final} = 2022-09-26T13:58:47.406</msg>
<status status="PASS" starttime="20220926 13:58:47.407" endtime="20220926 13:58:47.408"/>
</kw>
<kw name="Get File" library="OperatingSystem">
<var>${json_xray_suite}</var>
<arg>./output/xray/xray_suite.json</arg>
<doc>Returns the contents of a specified file.</doc>
<msg timestamp="20220926 13:58:47.409" level="INFO" html="true">Getting file '&lt;a href="file:///Users/israel.garate/Desktop/Tsoft/Descargas Tsoft/acmeapporangeosp-master/output/xray/xray_suite.json"&gt;/Users/israel.garate/Desktop/Tsoft/Descargas Tsoft/acmeapporangeosp-master/output/xray/xray_suite.json&lt;/a&gt;'.</msg>
<msg timestamp="20220926 13:58:47.410" level="INFO">${json_xray_suite} = {"fields": {"summary": "ACME: AREA CLIENTE MULTIPLATAFORMA ECARE", "description": "", "customfield_14817": "2022-09-26T13:58:02.979+0100", "customfield_14818": "2020-11-03T13:11:53.564+0100", "customf...</msg>
<status status="PASS" starttime="20220926 13:58:47.408" endtime="20220926 13:58:47.411"/>
</kw>
<kw name="Evaluate" library="BuiltIn">
<var>${object}</var>
<arg>json.loads('''${json_xray_suite}''')</arg>
<arg>json</arg>
<doc>Evaluates the given expression in Python and returns the result.</doc>
<msg timestamp="20220926 13:58:47.411" level="INFO">${object} = {'fields': {'summary': 'ACME: AREA CLIENTE MULTIPLATAFORMA ECARE', 'description': '', 'customfield_14817': '2022-09-26T13:58:02.979+0100', 'customfield_14818': '2020-11-03T13:11:53.564+0100', 'customf...</msg>
<status status="PASS" starttime="20220926 13:58:47.411" endtime="20220926 13:58:47.411"/>
</kw>
<kw name="Set To Dictionary" library="Collections">
<arg>${object["fields"]}</arg>
<arg>customfield_14818=${fecha_final}+0100</arg>
<doc>Adds the given ``key_value_pairs`` and ``items`` to the ``dictionary``.</doc>
<status status="PASS" starttime="20220926 13:58:47.411" endtime="20220926 13:58:47.418"/>
</kw>
<kw name="Dumps" library="json">
<var>${xray_suite}</var>
<arg>${object}</arg>
<arg>ensure_ascii=False</arg>
<doc>Serialize ``obj`` to a JSON formatted ``str``.</doc>
<msg timestamp="20220926 13:58:47.419" level="INFO">${xray_suite} = {"fields": {"summary": "ACME: AREA CLIENTE MULTIPLATAFORMA ECARE", "description": "", "customfield_14817": "2022-09-26T13:58:02.979+0100", "customfield_14818": "2022-09-26T13:58:47.406+0100", "customf...</msg>
<status status="PASS" starttime="20220926 13:58:47.418" endtime="20220926 13:58:47.419"/>
</kw>
<kw name="Create File" library="OperatingSystem">
<arg>./output/xray/xray_suite.json</arg>
<arg>${xray_suite}</arg>
<doc>Creates a file with the given content and encoding.</doc>
<msg timestamp="20220926 13:58:47.421" level="INFO" html="true">Created file '&lt;a href="file:///Users/israel.garate/Desktop/Tsoft/Descargas Tsoft/acmeapporangeosp-master/output/xray/xray_suite.json"&gt;/Users/israel.garate/Desktop/Tsoft/Descargas Tsoft/acmeapporangeosp-master/output/xray/xray_suite.json&lt;/a&gt;'.</msg>
<status status="PASS" starttime="20220926 13:58:47.419" endtime="20220926 13:58:47.421"/>
</kw>
<kw name="Sleep" library="BuiltIn">
<arg>5</arg>
<doc>Pauses the test executed for the given time.</doc>
<msg timestamp="20220926 13:58:52.423" level="INFO">Slept 5 seconds</msg>
<status status="PASS" starttime="20220926 13:58:47.421" endtime="20220926 13:58:52.423"/>
</kw>
<kw name="Graba video hasta aquí" library="keywords">
<kw name="Sleep" library="BuiltIn">
<arg>4</arg>
<doc>Pauses the test executed for the given time.</doc>
<msg timestamp="20220926 13:58:56.426" level="INFO">Slept 4 seconds</msg>
<status status="PASS" starttime="20220926 13:58:52.425" endtime="20220926 13:58:56.426"/>
</kw>
<kw name="Stop All Video Recordings" library="ScreenCapLibrary">
<doc>Stops all the video recordings and generates the files in WebM format. If ``embed`` argument
was set to ``True`` the videos will be displayed in the log file.</doc>
<msg timestamp="20220926 13:58:56.431" level="FAIL">No video recordings are started!</msg>
<status status="FAIL" starttime="20220926 13:58:56.427" endtime="20220926 13:58:56.431"/>
</kw>
<kw name="Log To Console" library="BuiltIn">
<arg>*</arg>
<doc>Logs the given message to the console.</doc>
<status status="PASS" starttime="20220926 13:58:56.431" endtime="20220926 13:58:56.431"/>
</kw>
<kw name="Log To Console" library="BuiltIn">
<arg>Paramos la grabación del video que encontrarás en ./output/robotframework</arg>
<doc>Logs the given message to the console.</doc>
<status status="PASS" starttime="20220926 13:58:56.432" endtime="20220926 13:58:56.432"/>
</kw>
<kw name="Log To Console" library="BuiltIn">
<arg>*</arg>
<doc>Logs the given message to the console.</doc>
<status status="PASS" starttime="20220926 13:58:56.432" endtime="20220926 13:58:56.432"/>
</kw>
<status status="FAIL" starttime="20220926 13:58:52.424" endtime="20220926 13:58:56.433"/>
</kw>
<status status="FAIL" starttime="20220926 13:58:46.401" endtime="20220926 13:58:56.433"/>
</kw>
<status status="FAIL" starttime="20220926 13:58:46.386" endtime="20220926 13:58:56.433">No video recordings are started!</status>
</kw>
<tag>TEST-000-ARCLMU-9999-Prueba de logado</tag>
<status status="FAIL" starttime="20220926 13:58:39.991" endtime="20220926 13:58:56.433">ValueError: Element locator 'xpath=/hierarchy/android.widget.FrameLayout/android.widget.LinearLayout/android.widget.FrameLayout/android.widget.LinearLayout/android.widget.FrameLayout/android.view.ViewGroup/android.webkit.WebView/android.webkit.WebView/android.view.View/android.view.View/android.view.View/android.view.View[2]/android.view.View[2]/android.view.View/android.view.View[1]' did not match any elements.

Also teardown failed:
No video recordings are started!</status>
</test>
<test id="s1-t3" name="ARCLMU-8888">
<kw name="Fecha y hora del inicio del test" library="keywords">
<kw name="Get Current Date" library="DateTime">
<var>${inicial_test}</var>
<arg>result_format=timestamp</arg>
<doc>Returns current local or UTC time with an optional increment.</doc>
<msg timestamp="20220926 13:58:56.437" level="INFO">${inicial_test} = 2022-09-26 13:58:56.436</msg>
<status status="PASS" starttime="20220926 13:58:56.436" endtime="20220926 13:58:56.437"/>
</kw>
<kw name="Get Current Date" library="DateTime">
<var>${inicial_test}</var>
<arg>result_format=%Y-%m-%dT%H:%M:%S.%f</arg>
<doc>Returns current local or UTC time with an optional increment.</doc>
<msg timestamp="20220926 13:58:56.438" level="INFO">${inicial_test} = 2022-09-26T13:58:56.437418</msg>
<status status="PASS" starttime="20220926 13:58:56.437" endtime="20220926 13:58:56.438"/>
</kw>
<kw name="Get Substring" library="String">
<var>${inicial_test}</var>
<arg>${inicial_test}</arg>
<arg>0</arg>
<arg>23</arg>
<doc>Returns a substring from ``start`` index to ``end`` index.</doc>
<msg timestamp="20220926 13:58:56.438" level="INFO">${inicial_test} = 2022-09-26T13:58:56.437</msg>
<status status="PASS" starttime="20220926 13:58:56.438" endtime="20220926 13:58:56.438"/>
</kw>
<kw name="Set Suite Variable" library="BuiltIn">
<arg>${inicial_test}</arg>
<doc>Makes a variable available everywhere within the scope of the current suite.</doc>
<msg timestamp="20220926 13:58:56.439" level="INFO">${inicial_test} = 2022-09-26T13:58:56.437</msg>
<status status="PASS" starttime="20220926 13:58:56.438" endtime="20220926 13:58:56.439"/>
</kw>
<kw name="Log To Console" library="BuiltIn">
<arg>*</arg>
<doc>Logs the given message to the console.</doc>
<status status="PASS" starttime="20220926 13:58:56.439" endtime="20220926 13:58:56.439"/>
</kw>
<kw name="Log To Console" library="BuiltIn">
<arg>********************************************************************************************************</arg>
<doc>Logs the given message to the console.</doc>
<status status="PASS" starttime="20220926 13:58:56.439" endtime="20220926 13:58:56.440"/>
</kw>
<kw name="Log To Console" library="BuiltIn">
<arg>********************************************************************************************************</arg>
<doc>Logs the given message to the console.</doc>
<status status="PASS" starttime="20220926 13:58:56.440" endtime="20220926 13:58:56.440"/>
</kw>
<kw name="Log To Console" library="BuiltIn">
<arg>********************************************************************************************************</arg>
<doc>Logs the given message to the console.</doc>
<status status="PASS" starttime="20220926 13:58:56.441" endtime="20220926 13:58:56.441"/>
</kw>
<kw name="Log To Console" library="BuiltIn">
<arg>TEST EN EJECUCIÓN:</arg>
<doc>Logs the given message to the console.</doc>
<status status="PASS" starttime="20220926 13:58:56.441" endtime="20220926 13:58:56.444"/>
</kw>
<kw name="Log To Console" library="BuiltIn">
<arg>${TEST_NAME}-${TEST_TAGS}</arg>
<doc>Logs the given message to the console.</doc>
<status status="PASS" starttime="20220926 13:58:56.444" endtime="20220926 13:58:56.444"/>
</kw>
<kw name="Log To Console" library="BuiltIn">
<arg>*</arg>
<doc>Logs the given message to the console.</doc>
<status status="PASS" starttime="20220926 13:58:56.445" endtime="20220926 13:58:56.445"/>
</kw>
<kw name="Log To Console" library="BuiltIn">
<arg>Se trata de un perfil ${perfil} contra el entorno ${entorno} y sobre un dispositivo real</arg>
<doc>Logs the given message to the console.</doc>
<status status="PASS" starttime="20220926 13:58:56.445" endtime="20220926 13:58:56.445"/>
</kw>
<kw name="Log To Console" library="BuiltIn">
<arg>*</arg>
<doc>Logs the given message to the console.</doc>
<status status="PASS" starttime="20220926 13:58:56.445" endtime="20220926 13:58:56.446"/>
</kw>
<kw name="Log To Console" library="BuiltIn">
<arg>********************************************************************************************************</arg>
<doc>Logs the given message to the console.</doc>
<status status="PASS" starttime="20220926 13:58:56.446" endtime="20220926 13:58:56.446"/>
</kw>
<kw name="Log To Console" library="BuiltIn">
<arg>********************************************************************************************************</arg>
<doc>Logs the given message to the console.</doc>
<status status="PASS" starttime="20220926 13:58:56.446" endtime="20220926 13:58:56.446"/>
</kw>
<kw name="Log To Console" library="BuiltIn">
<arg>********************************************************************************************************</arg>
<doc>Logs the given message to the console.</doc>
<status status="PASS" starttime="20220926 13:58:56.446" endtime="20220926 13:58:56.446"/>
</kw>
<status status="PASS" starttime="20220926 13:58:56.435" endtime="20220926 13:58:56.447"/>
</kw>
<kw name="Sleep" library="BuiltIn">
<arg>2</arg>
<doc>Pauses the test executed for the given time.</doc>
<msg timestamp="20220926 13:58:58.448" level="INFO">Slept 2 seconds</msg>
<status status="PASS" starttime="20220926 13:58:56.447" endtime="20220926 13:58:58.448"/>
</kw>
<kw name="Click Element" library="AppiumLibrary">
<arg>${menu_publico}</arg>
<doc>Click element identified by `locator`.</doc>
<msg timestamp="20220926 13:58:58.476" level="INFO">Clicking element '//*[@resource-id='loginPage_btn_openSideMenu']'.</msg>
<status status="PASS" starttime="20220926 13:58:58.449" endtime="20220926 13:58:58.997"/>
</kw>
<kw name="Sleep" library="BuiltIn">
<arg>2</arg>
<doc>Pauses the test executed for the given time.</doc>
<msg timestamp="20220926 13:59:01.001" level="INFO">Slept 2 seconds</msg>
<status status="PASS" starttime="20220926 13:58:58.998" endtime="20220926 13:59:01.001"/>
</kw>
<kw name="Page Should Contain Text" library="AppiumLibrary">
<arg>Área de clientes</arg>
<doc>Verifies that current page contains `text`.</doc>
<msg timestamp="20220926 13:59:01.411" level="INFO">Current page contains text 'Área de clientes'.</msg>
<status status="PASS" starttime="20220926 13:59:01.001" endtime="20220926 13:59:01.411"/>
</kw>
<kw name="Click Element At Coordinates" library="AppiumLibrary">
<arg>98</arg>
<arg>1709</arg>
<doc>click element at a certain coordinate</doc>
<msg timestamp="20220926 13:59:01.424" level="INFO">Pressing at (98, 1709).</msg>
<status status="PASS" starttime="20220926 13:59:01.411" endtime="20220926 13:59:01.742"/>
</kw>
<kw name="Wait Until Page Contains" library="AppiumLibrary">
<arg>Domicilio social:</arg>
<doc>Waits until `text` appears on current page.</doc>
<msg timestamp="20220926 13:59:07.319" level="INFO">&lt;?xml version='1.0' encoding='UTF-8' standalone='yes' ?&gt;
&lt;hierarchy index="0" class="hierarchy" rotation="0" width="1080" height="2178"&gt;
  &lt;android.widget.FrameLayout index="0" package="com.orange.miorange.dev" class="android.widget.FrameLayout" text="" checkable="false" checked="false" clickable="false" enabled="true" focusable="false" focused="false" long-clickable="false" password="false" scrollable="false" selected="false" bounds="[0,0][1080,2178]" displayed="true"&gt;
    &lt;android.widget.LinearLayout index="0" package="com.orange.miorange.dev" class="android.widget.LinearLayout" text="" checkable="false" checked="false" clickable="false" enabled="true" focusable="false" focused="false" long-clickable="false" password="false" scrollable="false" selected="false" bounds="[0,0][1080,2178]" displayed="true"&gt;
      &lt;android.widget.FrameLayout index="0" package="com.orange.miorange.dev" class="android.widget.FrameLayout" text="" checkable="false" checked="false" clickable="false" enabled="true" focusable="false" focused="false" long-clickable="false" password="false" scrollable="false" selected="false" bounds="[0,78][1080,2178]" displayed="true"&gt;
        &lt;android.widget.LinearLayout index="0" package="com.orange.miorange.dev" class="android.widget.LinearLayout" text="" resource-id="com.orange.miorange.dev:id/action_bar_root" checkable="false" checked="false" clickable="false" enabled="true" focusable="false" focused="false" long-clickable="false" password="false" scrollable="false" selected="false" bounds="[0,78][1080,2178]" displayed="true"&gt;
          &lt;android.widget.FrameLayout index="0" package="com.orange.miorange.dev" class="android.widget.FrameLayout" text="" resource-id="android:id/content" checkable="false" checked="false" clickable="false" enabled="true" focusable="false" focused="false" long-clickable="false" password="false" scrollable="false" selected="false" bounds="[0,78][1080,2178]" displayed="true"&gt;
            &lt;android.view.ViewGroup index="0" package="com.orange.miorange.dev" class="android.view.ViewGroup" text="" checkable="false" checked="false" clickable="false" enabled="true" focusable="false" focused="false" long-clickable="false" password="false" scrollable="false" selected="false" bounds="[0,78][1080,2178]" displayed="true"&gt;
              &lt;android.webkit.WebView index="0" package="com.orange.miorange.dev" class="android.webkit.WebView" text="" checkable="false" checked="false" clickable="false" enabled="true" focusable="false" focused="false" long-clickable="false" password="false" scrollable="false" selected="false" bounds="[0,78][1080,2178]" displayed="true"&gt;
                &lt;android.webkit.WebView index="0" package="com.orange.miorange.dev" class="android.webkit.WebView" text="Mi Orange - Área de clientes Fibra, Móvil y TV" checkable="false" checked="false" clickable="false" enabled="true" focusable="true" focused="false" long-clickable="false" password="false" scrollable="true" selected="false" bounds="[0,78][1080,2178]" displayed="true"&gt;
                  &lt;android.view.View index="0" package="com.orange.miorange.dev" class="android.view.View" text="" checkable="false" checked="false" clickable="false" enabled="true" focusable="false" focused="false" long-clickable="false" password="false" scrollable="false" selected="false" bounds="[0,78][1080,2178]" displayed="true"&gt;
                    &lt;android.view.View index="0" package="com.orange.miorange.dev" class="android.view.View" text="" checkable="false" checked="false" clickable="false" enabled="true" focusable="false" focused="false" long-clickable="false" password="false" scrollable="false" selected="false" bounds="[0,78][1080,2178]" displayed="true"&gt;
                      &lt;android.view.View index="0" package="com.orange.miorange.dev" class="android.view.View" text="" resource-id="secondaryContainer" checkable="false" checked="false" clickable="false" enabled="true" focusable="false" focused="false" long-clickable="false" password="false" scrollable="false" selected="false" bounds="[0,78][1080,2178]" displayed="true"&gt;
                        &lt;android.view.View index="0" package="com.orange.miorange.dev" class="android.view.View" text="" checkable="false" checked="false" clickable="false" enabled="true" focusable="false" focused="false" long-clickable="false" password="false" scrollable="false" selected="false" bounds="[0,78][1080,2178]" displayed="true"&gt;
                          &lt;android.view.View index="0" package="com.orange.miorange.dev" class="android.view.View" text="" checkable="false" checked="false" clickable="false" enabled="true" focusable="false" focused="false" long-clickable="false" password="false" scrollable="false" selected="false" bounds="[0,78][1080,918]" displayed="true"&gt;
                            &lt;android.widget.Image index="0" package="com.orange.miorange.dev" class="android.widget.Image" text="Modo dia" checkable="false" checked="false" clickable="false" enabled="true" focusable="false" focused="false" long-clickable="false" password="false" scrollable="false" selected="false" bounds="[0,78][1080,918]" displayed="true" /&gt;
                            &lt;android.view.View index="1" package="com.orange.miorange.dev" class="android.view.View" text="" checkable="false" checked="false" clickable="false" enabled="true" focusable="false" focused="false" long-clickable="false" password="false" scrollable="false" selected="false" bounds="[450,153][1080,267]" displayed="true"&gt;
                              &lt;android.widget.TextView index="0" package="com.orange.miorange.dev" class="android.widget.TextView" text="Sigue el estado de tu pedido" checkable="false" checked="false" clickable="true" enabled="true" focusable="false" focused="false" long-clickable="false" password="false" scrollable="false" selected="false" bounds="[456,153][987,267]" displayed="true" /&gt;
                              &lt;android.widget.Image index="1" package="com.orange.miorange.dev" class="android.widget.Image" text="Estado de la fibra" checkable="false" checked="false" clickable="false" enabled="true" focusable="false" focused="false" long-clickable="false" password="false" scrollable="false" selected="false" bounds="[1029,180][1071,240]" displayed="true" /&gt;
                            &lt;/android.view.View&gt;
                            &lt;android.view.View index="2" package="com.orange.miorange.dev" class="android.view.View" text="" resource-id="loginPage_btn_openSideMenu" checkable="false" checked="false" clickable="true" enabled="true" focusable="false" focused="false" long-clickable="false" password="false" scrollable="false" selected="false" bounds="[0,123][156,273]" displayed="true"&gt;
                              &lt;android.widget.Image index="0" package="com.orange.miorange.dev" class="android.widget.Image" text="Menu" resource-id="loginPage_img_openSideMenu" checkable="false" checked="false" clickable="false" enabled="true" focusable="false" focused="false" long-clickable="false" password="false" scrollable="false" selected="false" bounds="[24,171][99,225]" displayed="true" /&gt;
                            &lt;/android.view.View&gt;
                          &lt;/android.view.View&gt;
                          &lt;android.view.View index="1" package="com.orange.miorange.dev" class="android.view.View" text="" checkable="false" checked="false" clickable="false" enabled="true" focusable="false" focused="false" long-clickable="false" password="false" scrollable="false" selected="false" bounds="[0,915][1080,1914]" displayed="true"&gt;
                            &lt;android.view.View index="0" package="com.orange.miorange.dev" class="android.view.View" text="" resource-id="ocsLogin_other_container" checkable="false" checked="false" clickable="false" enabled="true" focusable="false" focused="false" long-clickable="false" password="false" scrollable="false" selected="false" bounds="[30,915][1050,1914]" displayed="true"&gt;
                              &lt;android.view.View index="0" package="com.orange.miorange.dev" class="android.view.View" text="" checkable="false" checked="false" clickable="false" enabled="true" focusable="false" focused="false" long-clickable="false" password="false" scrollable="false" selected="false" bounds="[30,963][1050,1476]" displayed="true"&gt;
                                &lt;android.view.View index="0" package="com.orange.miorange.dev" class="android.view.View" text="" checkable="false" checked="false" clickable="false" enabled="true" focusable="false" focused="false" long-clickable="false" password="false" scrollable="false" selected="false" bounds="[30,963][1050,1086]" displayed="true"&gt;
                                  &lt;android.view.View index="0" package="com.orange.miorange.dev" class="android.view.View" text="" checkable="false" checked="false" clickable="false" enabled="true" focusable="false" focused="false" long-clickable="false" password="false" scrollable="false" selected="false" bounds="[30,963][1050,1086]" displayed="true"&gt;
                                    &lt;android.view.View index="0" package="com.orange.miorange.dev" class="android.view.View" text="" resource-id="ocsLoginPassword_input_userNameField" checkable="false" checked="false" clickable="false" enabled="true" focusable="false" focused="false" long-clickable="false" password="false" scrollable="false" selected="false" bounds="[30,963][1050,1086]" displayed="true"&gt;
                                      &lt;android.view.View index="0" package="com.orange.miorange.dev" class="android.view.View" text="" checkable="false" checked="false" clickable="false" enabled="true" focusable="true" focused="false" long-clickable="false" password="false" scrollable="false" selected="false" bounds="[30,963][1050,1086]" displayed="true"&gt;
                                        &lt;android.view.View index="0" package="com.orange.miorange.dev" class="android.view.View" text="" checkable="false" checked="false" clickable="false" enabled="true" focusable="false" focused="false" long-clickable="false" password="false" scrollable="false" selected="false" bounds="[30,963][1050,1086]" displayed="true"&gt;
                                          &lt;android.widget.EditText index="0" package="com.orange.miorange.dev" class="android.widget.EditText" text="" resource-id="" checkable="false" checked="false" clickable="true" enabled="true" focusable="true" focused="false" long-clickable="false" password="false" scrollable="false" selected="false" bounds="[30,963][1050,1086]" displayed="true" /&gt;
                                        &lt;/android.view.View&gt;
                                      &lt;/android.view.View&gt;
                                    &lt;/android.view.View&gt;
                                  &lt;/android.view.View&gt;
                                  &lt;android.view.View index="1" package="com.orange.miorange.dev" class="android.view.View" text="" resource-id="ocsLoginPassword_btn_toggleUserNameFieldType" checkable="false" checked="false" clickable="true" enabled="true" focusable="false" focused="false" long-clickable="false" password="false" scrollable="false" selected="false" bounds="[948,951][1050,1092]" displayed="true"&gt;
                                    &lt;android.widget.Image index="0" package="com.orange.miorange.dev" class="android.widget.Image" text="Cambiar" resource-id="ocsLoginPassword_img_toggleUserNameFieldType" checkable="false" checked="false" clickable="false" enabled="true" focusable="false" focused="false" long-clickable="false" password="false" scrollable="false" selected="false" bounds="[948,984][1020,1059]" displayed="true" /&gt;
                                  &lt;/android.view.View&gt;
                                &lt;/android.view.View&gt;
                                &lt;android.widget.TextView index="1" package="com.orange.miorange.dev" class="android.widget.TextView" text="Cuál es mi usuario" checkable="false" checked="false" clickable="false" enabled="true" focusable="false" focused="false" long-clickable="false" password="false" scrollable="false" selected="false" bounds="[30,1095][354,1146]" displayed="true" /&gt;
                                &lt;android.widget.Image index="2" package="com.orange.miorange.dev" class="android.widget.Image" text="Info." resource-id="ocsLoginPassword_img_cualEsMiUsuario" checkable="false" checked="false" clickable="true" enabled="true" focusable="false" focused="false" long-clickable="false" password="false" scrollable="false" selected="false" bounds="[366,1095][417,1146]" displayed="true" /&gt;
                                &lt;android.view.View index="3" package="com.orange.miorange.dev" class="android.view.View" text="" checkable="false" checked="false" clickable="false" enabled="true" focusable="false" focused="false" long-clickable="false" password="false" scrollable="false" selected="false" bounds="[30,1188][1050,1311]" displayed="true"&gt;
                                  &lt;android.view.View index="0" package="com.orange.miorange.dev" class="android.view.View" text="" checkable="false" checked="false" clickable="false" enabled="true" focusable="false" focused="false" long-clickable="false" password="false" scrollable="false" selected="false" bounds="[30,1188][1050,1311]" displayed="true"&gt;
                                    &lt;android.view.View index="0" package="com.orange.miorange.dev" class="android.view.View" text="" resource-id="ocsLoginPassword_input_passwordField" checkable="false" checked="false" clickable="false" enabled="true" focusable="false" focused="false" long-clickable="false" password="false" scrollable="false" selected="false" bounds="[30,1188][1050,1311]" displayed="true"&gt;
                                      &lt;android.view.View index="0" package="com.orange.miorange.dev" class="android.view.View" text="" checkable="false" checked="false" clickable="false" enabled="true" focusable="true" focused="false" long-clickable="false" password="false" scrollable="false" selected="false" bounds="[30,1188][1050,1311]" displayed="true"&gt;
                                        &lt;android.view.View index="0" package="com.orange.miorange.dev" class="android.view.View" text="" checkable="false" checked="false" clickable="false" enabled="true" focusable="false" focused="false" long-clickable="false" password="false" scrollable="false" selected="false" bounds="[30,1188][1050,1311]" displayed="true"&gt;
                                          &lt;android.widget.EditText index="0" package="com.orange.miorange.dev" class="android.widget.EditText" text="" resource-id="" checkable="false" checked="false" clickable="true" enabled="true" focusable="true" focused="false" long-clickable="false" password="true" scrollable="false" selected="false" bounds="[30,1188][1050,1311]" displayed="true" /&gt;
                                        &lt;/android.view.View&gt;
                                      &lt;/android.view.View&gt;
                                    &lt;/android.view.View&gt;
                                  &lt;/android.view.View&gt;
                                  &lt;android.view.View index="1" package="com.orange.miorange.dev" class="android.view.View" text="" resource-id="ocsLoginPassword_btn_togglePasswordFieldVisibility" checkable="false" checked="false" clickable="true" enabled="true" focusable="false" focused="false" long-clickable="false" password="false" scrollable="false" selected="false" bounds="[948,1182][1050,1317]" displayed="true"&gt;
                                    &lt;android.widget.Image index="0" package="com.orange.miorange.dev" class="android.widget.Image" text="Mostrar" resource-id="ocsLoginPassword_img_togglePasswordFieldVisibility" checkable="false" checked="false" clickable="false" enabled="true" focusable="false" focused="false" long-clickable="false" password="false" scrollable="false" selected="false" bounds="[948,1212][1020,1287]" displayed="true" /&gt;
                                  &lt;/android.view.View&gt;
                                &lt;/android.view.View&gt;
                                &lt;android.view.View index="4" package="com.orange.miorange.dev" class="android.view.View" text="" checkable="false" checked="false" clickable="false" enabled="true" focusable="false" focused="false" long-clickable="false" password="false" scrollable="false" selected="false" bounds="[30,1353][1050,1476]" displayed="true"&gt;
                                  &lt;android.view.View index="0" package="com.orange.miorange.dev" class="android.view.View" text="" resource-id="ocsLoginPassword_btn_submitLoginForm" checkable="false" checked="false" clickable="false" enabled="true" focusable="false" focused="false" long-clickable="false" password="false" scrollable="false" selected="false" bounds="[30,1353][303,1476]" displayed="true"&gt;
                                    &lt;android.widget.Button index="0" package="com.orange.miorange.dev" class="android.widget.Button" text="Entrar" resource-id="ocsLoginPassword_btn_submitLoginForm" checkable="false" checked="false" clickable="true" enabled="false" focusable="false" focused="false" long-clickable="false" password="false" scrollable="false" selected="false" bounds="[30,1353][303,1476]" displayed="true" /&gt;
                                  &lt;/android.view.View&gt;
                                &lt;/android.view.View&gt;
                              &lt;/android.view.View&gt;
                              &lt;android.view.View index="1" package="com.orange.miorange.dev" class="android.view.View" text="" checkable="false" checked="false" clickable="false" enabled="true" focusable="false" focused="false" long-clickable="false" password="false" scrollable="false" selected="false" bounds="[30,1503][1050,1578]" displayed="true"&gt;
                                &lt;android.view.View index="0" package="com.orange.miorange.dev" class="android.view.View" text="Obtener / Cambiar contraseña" resource-id="ocsLoginPassword_btn_resetPassword" checkable="false" checked="false" clickable="true" enabled="true" focusable="false" focused="false" long-clickable="false" password="false" scrollable="false" selected="false" bounds="[30,1503][729,1578]" displayed="true" /&gt;
                              &lt;/android.view.View&gt;
                              &lt;android.view.View index="2" package="com.orange.miorange.dev" class="android.view.View" text="" checkable="false" checked="false" clickable="true" enabled="true" focusable="false" focused="false" long-clickable="false" password="false" scrollable="false" selected="false" bounds="[30,1623][1050,1734]" displayed="true"&gt;
                                &lt;android.widget.Image index="0" package="com.orange.miorange.dev" class="android.widget.Image" text="Ayuda" resource-id="ocsLoginPassword_img_NecesitasAyda" checkable="false" checked="false" clickable="false" enabled="true" focusable="false" focused="false" long-clickable="false" password="false" scrollable="false" selected="false" bounds="[30,1650][84,1707]" displayed="true" /&gt;
                                &lt;android.widget.TextView index="1" package="com.orange.miorange.dev" class="android.widget.TextView" text="¿Necesitas ayuda para acceder al área privada?" checkable="false" checked="false" clickable="false" enabled="true" focusable="false" focused="false" long-clickable="false" password="false" scrollable="false" selected="false" bounds="[114,1617][948,1737]" displayed="true" /&gt;
                              &lt;/android.view.View&gt;
                            &lt;/android.view.View&gt;
                          &lt;/android.view.View&gt;
                        &lt;/android.view.View&gt;
                      &lt;/android.view.View&gt;
                    &lt;/android.view.View&gt;
                  &lt;/android.view.View&gt;
                &lt;/android.webkit.WebView&gt;
              &lt;/android.webkit.WebView&gt;
            &lt;/android.view.ViewGroup&gt;
          &lt;/android.widget.FrameLayout&gt;
        &lt;/android.widget.LinearLayout&gt;
      &lt;/android.widget.FrameLayout&gt;
    &lt;/android.widget.LinearLayout&gt;
  &lt;/android.widget.FrameLayout&gt;
&lt;/hierarchy&gt;</msg>
<kw name="Capture Page Screenshot" library="AppiumLibrary">
<doc>Takes a screenshot of the current page and embeds it into the log.</doc>
<msg timestamp="20220926 13:59:08.368" level="INFO" html="true">&lt;/td&gt;&lt;/tr&gt;&lt;tr&gt;&lt;td colspan="3"&gt;&lt;a href="appium-screenshot-2.png"&gt;&lt;img src="appium-screenshot-2.png" width="800px"&gt;&lt;/a&gt;</msg>
<status status="PASS" starttime="20220926 13:59:07.321" endtime="20220926 13:59:08.368"/>
</kw>
<msg timestamp="20220926 13:59:08.369" level="FAIL">Text 'Domicilio social:' did not appear in 5 seconds</msg>
<status status="FAIL" starttime="20220926 13:59:01.743" endtime="20220926 13:59:08.369"/>
</kw>
<kw name="Page Should Contain Text" library="AppiumLibrary">
<arg>Versión:</arg>
<doc>Verifies that current page contains `text`.</doc>
<status status="NOT RUN" starttime="20220926 13:59:08.370" endtime="20220926 13:59:08.371"/>
</kw>
<kw name="Page Should Contain Text" library="AppiumLibrary">
<arg>7.2.0</arg>
<doc>Verifies that current page contains `text`.</doc>
<status status="NOT RUN" starttime="20220926 13:59:08.371" endtime="20220926 13:59:08.371"/>
</kw>
<kw name="Page Should Contain Text" library="AppiumLibrary">
<arg>LU:</arg>
<doc>Verifies that current page contains `text`.</doc>
<status status="NOT RUN" starttime="20220926 13:59:08.371" endtime="20220926 13:59:08.372"/>
</kw>
<kw name="Teardown ARCLMU-8888" library="teardown_ARCLMU_3181" type="TEARDOWN">
<kw name="Fecha y hora de fin del test" library="keywords">
<kw name="Get Current Date" library="DateTime">
<var>${final_test}</var>
<arg>local</arg>
<arg>exclude_millis=yes</arg>
<arg>result_format=%Y-%m-%dT%H:%M:%S+01:00</arg>
<doc>Returns current local or UTC time with an optional increment.</doc>
<msg timestamp="20220926 13:59:08.375" level="INFO">${final_test} = 2022-09-26T13:59:08+01:00</msg>
<status status="PASS" starttime="20220926 13:59:08.374" endtime="20220926 13:59:08.375"/>
</kw>
<kw name="Get Current Date" library="DateTime">
<var>${final_test}</var>
<arg>result_format=timestamp</arg>
<doc>Returns current local or UTC time with an optional increment.</doc>
<msg timestamp="20220926 13:59:08.375" level="INFO">${final_test} = 2022-09-26 13:59:08.375</msg>
<status status="PASS" starttime="20220926 13:59:08.375" endtime="20220926 13:59:08.375"/>
</kw>
<kw name="Get Current Date" library="DateTime">
<var>${final_test}</var>
<arg>result_format=%Y-%m-%dT%H:%M:%S.%f</arg>
<doc>Returns current local or UTC time with an optional increment.</doc>
<msg timestamp="20220926 13:59:08.376" level="INFO">${final_test} = 2022-09-26T13:59:08.375486</msg>
<status status="PASS" starttime="20220926 13:59:08.375" endtime="20220926 13:59:08.376"/>
</kw>
<kw name="Get Substring" library="String">
<var>${final_test}</var>
<arg>${final_test}</arg>
<arg>0</arg>
<arg>23</arg>
<doc>Returns a substring from ``start`` index to ``end`` index.</doc>
<msg timestamp="20220926 13:59:08.376" level="INFO">${final_test} = 2022-09-26T13:59:08.375</msg>
<status status="PASS" starttime="20220926 13:59:08.376" endtime="20220926 13:59:08.376"/>
</kw>
<kw name="Create Dictionary" library="BuiltIn">
<var>${datos_test}</var>
<arg>testKey=${TEST_NAME}</arg>
<arg>start=${inicial_test}+0100</arg>
<arg>finish=${final_test}+0100</arg>
<arg>comment=${comentario}</arg>
<arg>status=${TEST STATUS}</arg>
<doc>Creates and returns a dictionary based on the given ``items``.</doc>
<msg timestamp="20220926 13:59:08.377" level="INFO">${datos_test} = {'testKey': 'ARCLMU-8888', 'start': '2022-09-26T13:58:56.437+0100', 'finish': '2022-09-26T13:59:08.375+0100', 'comment': 'Test vinculado al Test Plan ARCLMU-3181 y que se ocupa del perfil POSTPAGO RES...</msg>
<status status="PASS" starttime="20220926 13:59:08.376" endtime="20220926 13:59:08.378"/>
</kw>
<kw name="Create List" library="BuiltIn">
<var>@{lista_tests}</var>
<arg>${datos_test}</arg>
<doc>Returns a list containing given items.</doc>
<msg timestamp="20220926 13:59:08.378" level="INFO">@{lista_tests} = [ {'testKey': 'ARCLMU-8888', 'start': '2022-09-26T13:58:56.437+0100', 'finish': '2022-09-26T13:59:08.375+0100', 'comment': 'Test vinculado al Test Plan ARCLMU-3181 y que se ocupa del perfil POSTPAGO R...</msg>
<status status="PASS" starttime="20220926 13:59:08.378" endtime="20220926 13:59:08.378"/>
</kw>
<kw name="Get File" library="OperatingSystem">
<var>${xray_test}</var>
<arg>./output/xray/xray_test.json</arg>
<doc>Returns the contents of a specified file.</doc>
<msg timestamp="20220926 13:59:08.379" level="INFO" html="true">Getting file '&lt;a href="file:///Users/israel.garate/Desktop/Tsoft/Descargas Tsoft/acmeapporangeosp-master/output/xray/xray_test.json"&gt;/Users/israel.garate/Desktop/Tsoft/Descargas Tsoft/acmeapporangeosp-master/output/xray/xray_test.json&lt;/a&gt;'.</msg>
<msg timestamp="20220926 13:59:08.379" level="INFO">${xray_test} = {"tests": [{"testKey": "ARCLMU-9999", "start": "2022-09-26T13:58:39.994+0100", "finish": "2022-09-26T13:58:46.388+0100", "comment": "Test vinculado al Test Plan ARCLMU-3181 y que se ocupa del perfil P...</msg>
<status status="PASS" starttime="20220926 13:59:08.378" endtime="20220926 13:59:08.380"/>
</kw>
<kw name="Evaluate" library="BuiltIn">
<var>${xray_test_eval}</var>
<arg>json.loads('''${xray_test}''')</arg>
<arg>json</arg>
<doc>Evaluates the given expression in Python and returns the result.</doc>
<msg timestamp="20220926 13:59:08.380" level="INFO">${xray_test_eval} = {'tests': [{'testKey': 'ARCLMU-9999', 'start': '2022-09-26T13:58:39.994+0100', 'finish': '2022-09-26T13:58:46.388+0100', 'comment': 'Test vinculado al Test Plan ARCLMU-3181 y que se ocupa del perfil P...</msg>
<status status="PASS" starttime="20220926 13:59:08.380" endtime="20220926 13:59:08.380"/>
</kw>
<kw name="Append To List" library="Collections">
<arg>${xray_test_eval['tests']}</arg>
<arg>@{lista_tests}</arg>
<doc>Adds ``values`` to the end of ``list``.</doc>
<status status="PASS" starttime="20220926 13:59:08.381" endtime="20220926 13:59:08.388"/>
</kw>
<kw name="Dumps" library="json">
<var>${xray_test}</var>
<arg>${xray_test_eval}</arg>
<arg>ensure_ascii=False</arg>
<doc>Serialize ``obj`` to a JSON formatted ``str``.</doc>
<msg timestamp="20220926 13:59:08.388" level="INFO">${xray_test} = {"tests": [{"testKey": "ARCLMU-9999", "start": "2022-09-26T13:58:39.994+0100", "finish": "2022-09-26T13:58:46.388+0100", "comment": "Test vinculado al Test Plan ARCLMU-3181 y que se ocupa del perfil P...</msg>
<status status="PASS" starttime="20220926 13:59:08.388" endtime="20220926 13:59:08.388"/>
</kw>
<kw name="Create File" library="OperatingSystem">
<arg>./output/xray/xray_test.json</arg>
<arg>${xray_test}</arg>
<doc>Creates a file with the given content and encoding.</doc>
<msg timestamp="20220926 13:59:08.390" level="INFO" html="true">Created file '&lt;a href="file:///Users/israel.garate/Desktop/Tsoft/Descargas Tsoft/acmeapporangeosp-master/output/xray/xray_test.json"&gt;/Users/israel.garate/Desktop/Tsoft/Descargas Tsoft/acmeapporangeosp-master/output/xray/xray_test.json&lt;/a&gt;'.</msg>
<status status="PASS" starttime="20220926 13:59:08.389" endtime="20220926 13:59:08.390"/>
</kw>
<status status="PASS" starttime="20220926 13:59:08.373" endtime="20220926 13:59:08.390"/>
</kw>
<status status="PASS" starttime="20220926 13:59:08.372" endtime="20220926 13:59:08.390"/>
</kw>
<tag>TEST-001-ARCLMU-8888-Correcta visualización de dashboard POSTPAGO RESI</tag>
<status status="FAIL" starttime="20220926 13:58:56.434" endtime="20220926 13:59:08.390">Text 'Domicilio social:' did not appear in 5 seconds</status>
</test>
<test id="s1-t4" name="ARCLMU-1411">
<kw name="Fecha y hora del inicio del test" library="keywords">
<kw name="Get Current Date" library="DateTime">
<var>${inicial_test}</var>
<arg>result_format=timestamp</arg>
<doc>Returns current local or UTC time with an optional increment.</doc>
<msg timestamp="20220926 13:59:08.392" level="INFO">${inicial_test} = 2022-09-26 13:59:08.392</msg>
<status status="PASS" starttime="20220926 13:59:08.392" endtime="20220926 13:59:08.392"/>
</kw>
<kw name="Get Current Date" library="DateTime">
<var>${inicial_test}</var>
<arg>result_format=%Y-%m-%dT%H:%M:%S.%f</arg>
<doc>Returns current local or UTC time with an optional increment.</doc>
<msg timestamp="20220926 13:59:08.392" level="INFO">${inicial_test} = 2022-09-26T13:59:08.392372</msg>
<status status="PASS" starttime="20220926 13:59:08.392" endtime="20220926 13:59:08.392"/>
</kw>
<kw name="Get Substring" library="String">
<var>${inicial_test}</var>
<arg>${inicial_test}</arg>
<arg>0</arg>
<arg>23</arg>
<doc>Returns a substring from ``start`` index to ``end`` index.</doc>
<msg timestamp="20220926 13:59:08.393" level="INFO">${inicial_test} = 2022-09-26T13:59:08.392</msg>
<status status="PASS" starttime="20220926 13:59:08.393" endtime="20220926 13:59:08.393"/>
</kw>
<kw name="Set Suite Variable" library="BuiltIn">
<arg>${inicial_test}</arg>
<doc>Makes a variable available everywhere within the scope of the current suite.</doc>
<msg timestamp="20220926 13:59:08.393" level="INFO">${inicial_test} = 2022-09-26T13:59:08.392</msg>
<status status="PASS" starttime="20220926 13:59:08.393" endtime="20220926 13:59:08.393"/>
</kw>
<kw name="Log To Console" library="BuiltIn">
<arg>*</arg>
<doc>Logs the given message to the console.</doc>
<status status="PASS" starttime="20220926 13:59:08.394" endtime="20220926 13:59:08.394"/>
</kw>
<kw name="Log To Console" library="BuiltIn">
<arg>********************************************************************************************************</arg>
<doc>Logs the given message to the console.</doc>
<status status="PASS" starttime="20220926 13:59:08.394" endtime="20220926 13:59:08.394"/>
</kw>
<kw name="Log To Console" library="BuiltIn">
<arg>********************************************************************************************************</arg>
<doc>Logs the given message to the console.</doc>
<status status="PASS" starttime="20220926 13:59:08.394" endtime="20220926 13:59:08.394"/>
</kw>
<kw name="Log To Console" library="BuiltIn">
<arg>********************************************************************************************************</arg>
<doc>Logs the given message to the console.</doc>
<status status="PASS" starttime="20220926 13:59:08.394" endtime="20220926 13:59:08.395"/>
</kw>
<kw name="Log To Console" library="BuiltIn">
<arg>TEST EN EJECUCIÓN:</arg>
<doc>Logs the given message to the console.</doc>
<status status="PASS" starttime="20220926 13:59:08.395" endtime="20220926 13:59:08.395"/>
</kw>
<kw name="Log To Console" library="BuiltIn">
<arg>${TEST_NAME}-${TEST_TAGS}</arg>
<doc>Logs the given message to the console.</doc>
<status status="PASS" starttime="20220926 13:59:08.395" endtime="20220926 13:59:08.395"/>
</kw>
<kw name="Log To Console" library="BuiltIn">
<arg>*</arg>
<doc>Logs the given message to the console.</doc>
<status status="PASS" starttime="20220926 13:59:08.395" endtime="20220926 13:59:08.395"/>
</kw>
<kw name="Log To Console" library="BuiltIn">
<arg>Se trata de un perfil ${perfil} contra el entorno ${entorno} y sobre un dispositivo real</arg>
<doc>Logs the given message to the console.</doc>
<status status="PASS" starttime="20220926 13:59:08.396" endtime="20220926 13:59:08.396"/>
</kw>
<kw name="Log To Console" library="BuiltIn">
<arg>*</arg>
<doc>Logs the given message to the console.</doc>
<status status="PASS" starttime="20220926 13:59:08.396" endtime="20220926 13:59:08.396"/>
</kw>
<kw name="Log To Console" library="BuiltIn">
<arg>********************************************************************************************************</arg>
<doc>Logs the given message to the console.</doc>
<status status="PASS" starttime="20220926 13:59:08.396" endtime="20220926 13:59:08.396"/>
</kw>
<kw name="Log To Console" library="BuiltIn">
<arg>********************************************************************************************************</arg>
<doc>Logs the given message to the console.</doc>
<status status="PASS" starttime="20220926 13:59:08.396" endtime="20220926 13:59:08.397"/>
</kw>
<kw name="Log To Console" library="BuiltIn">
<arg>********************************************************************************************************</arg>
<doc>Logs the given message to the console.</doc>
<status status="PASS" starttime="20220926 13:59:08.397" endtime="20220926 13:59:08.397"/>
</kw>
<status status="PASS" starttime="20220926 13:59:08.391" endtime="20220926 13:59:08.397"/>
</kw>
<kw name="Acceder al dashboard principal" library="keywords">
<kw name="Sleep" library="BuiltIn">
<arg>4</arg>
<doc>Pauses the test executed for the given time.</doc>
<msg timestamp="20220926 13:59:12.398" level="INFO">Slept 4 seconds</msg>
<status status="PASS" starttime="20220926 13:59:08.397" endtime="20220926 13:59:12.399"/>
</kw>
<kw name="Go To Url" library="AppiumLibrary">
<arg>url=${env}${pag_dashboard}</arg>
<doc>Opens URL in default web browser.</doc>
<status status="PASS" starttime="20220926 13:59:12.399" endtime="20220926 13:59:12.624"/>
</kw>
<kw name="Sleep" library="BuiltIn">
<arg>1</arg>
<doc>Pauses the test executed for the given time.</doc>
<msg timestamp="20220926 13:59:13.628" level="INFO">Slept 1 second</msg>
<status status="PASS" starttime="20220926 13:59:12.625" endtime="20220926 13:59:13.628"/>
</kw>
<kw name="Click Element" library="AppiumLibrary">
<arg>${TV}</arg>
<doc>Click element identified by `locator`.</doc>
<msg timestamp="20220926 13:59:13.650" level="INFO">Clicking element 'xpath=/hierarchy/android.widget.FrameLayout/android.widget.LinearLayout/android.widget.FrameLayout/android.widget.LinearLayout/android.widget.FrameLayout/android.view.ViewGroup/android.webkit.WebView/android.webkit.WebView/android.view.View/android.view.View/android.view.View/android.view.View[2]/android.view.View[2]/android.view.View/android.view.View[1]'.</msg>
<kw name="Capture Page Screenshot" library="AppiumLibrary">
<doc>Takes a screenshot of the current page and embeds it into the log.</doc>
[...]
<arg>customfield_14818=${fecha_final}+0100</arg>
<doc>Adds the given ``key_value_pairs`` and ``items`` to the ``dictionary``.</doc>
<status status="PASS" starttime="20220926 14:00:57.349" endtime="20220926 14:00:57.353"/>
</kw>
<kw name="Dumps" library="json">
<var>${xray_suite}</var>
<arg>${object}</arg>
<arg>ensure_ascii=False</arg>
<doc>Serialize ``obj`` to a JSON formatted ``str``.</doc>
<msg timestamp="20220926 14:00:57.354" level="INFO">${xray_suite} = {"fields": {"summary": "ACME: AREA CLIENTE MULTIPLATAFORMA ECARE", "description": "", "customfield_14817": "2022-09-26T13:58:02.979+0100", "customfield_14818": "2022-09-26T14:00:57.339+0100", "customf...</msg>
<status status="PASS" starttime="20220926 14:00:57.353" endtime="20220926 14:00:57.354"/>
</kw>
<kw name="Create File" library="OperatingSystem">
<arg>./output/xray/xray_suite.json</arg>
<arg>${xray_suite}</arg>
<doc>Creates a file with the given content and encoding.</doc>
<msg timestamp="20220926 14:00:57.355" level="INFO" html="true">Created file '&lt;a href="file:///Users/israel.garate/Desktop/Tsoft/Descargas Tsoft/acmeapporangeosp-master/output/xray/xray_suite.json"&gt;/Users/israel.garate/Desktop/Tsoft/Descargas Tsoft/acmeapporangeosp-master/output/xray/xray_suite.json&lt;/a&gt;'.</msg>
<status status="PASS" starttime="20220926 14:00:57.354" endtime="20220926 14:00:57.355"/>
</kw>
<kw name="Sleep" library="BuiltIn">
<arg>5</arg>
<doc>Pauses the test executed for the given time.</doc>
<status status="FAIL" starttime="20220926 14:00:57.355" endtime="20220926 14:00:58.773"/>
</kw>
<kw name="Graba video hasta aquí" library="keywords">
<status status="NOT RUN" starttime="20220926 14:00:58.774" endtime="20220926 14:00:58.774"/>
</kw>
<status status="FAIL" starttime="20220926 14:00:56.333" endtime="20220926 14:00:58.774"/>
</kw>
<status status="FAIL" starttime="20220926 14:00:56.318" endtime="20220926 14:00:58.774">Execution terminated by signal</status>
</kw>
<tag>TEST-007-ARCLMU-1412-Visualización correcta de la página de Mi línea POSTPAGO RESI</tag>
<status status="FAIL" starttime="20220926 14:00:47.936" endtime="20220926 14:00:58.775">ValueError: Element locator 'xpath=/hierarchy/android.widget.FrameLayout/android.widget.LinearLayout/android.widget.FrameLayout/android.widget.LinearLayout/android.widget.FrameLayout/android.view.ViewGroup/android.webkit.WebView/android.webkit.WebView/android.view.View/android.view.View/android.view.View/android.view.View[2]/android.view.View[2]/android.view.View/android.view.View[1]' did not match any elements.

Also teardown failed:
Execution terminated by signal</status>
</test>
<test id="s1-t11" name="ARCLMU-1414">
<tag>robot:exit</tag>
<tag>TEST-008-ARCLMU-1414-Visualización de la página de Facturas POSTPAGO RESI</tag>
<status status="FAIL" starttime="20220926 14:00:58.776" endtime="20220926 14:00:58.777">Test execution stopped due to a fatal error.</status>
</test>
<test id="s1-t12" name="ARCLMU-1415">
<tag>robot:exit</tag>
<tag>TEST-009-ARCLMU-1415-Correcta visualizacion de la página de Contrata POSTPAGO RESI</tag>
<status status="FAIL" starttime="20220926 14:00:58.777" endtime="20220926 14:00:58.778">Test execution stopped due to a fatal error.</status>
</test>
<test id="s1-t13" name="ARCLMU-1416">
<tag>robot:exit</tag>
<tag>TEST-010-ARCLMU-1416-Sección Ayuda POSTPAGO RESI</tag>
<status status="FAIL" starttime="20220926 14:00:58.778" endtime="20220926 14:00:58.779">Test execution stopped due to a fatal error.</status>
</test>
<test id="s1-t14" name="ARCLMU-1424">
<tag>robot:exit</tag>
<tag>TEST-011-ARCLMU-1424-Buscador POSTPAGO RESI</tag>
<status status="FAIL" starttime="20220926 14:00:58.779" endtime="20220926 14:00:58.779">Test execution stopped due to a fatal error.</status>
</test>
<test id="s1-t15" name="ARCLMU-1440">
<tag>robot:exit</tag>
<tag>TEST-012-ARCLMU-1440-Acceso Ser de Orange (SdO) y consulta Ventajas, Hucha, Servicios Extra y Descuentos POSTPAGO RESI</tag>
<status status="FAIL" starttime="20220926 14:00:58.780" endtime="20220926 14:00:58.781">Test execution stopped due to a fatal error.</status>
</test>
<test id="s1-t16" name="ARCLMU-3555">
<tag>robot:exit</tag>
<tag>TEST-013-ARCLMU-3555-Consulta de Compromiso Permanencia POSTPAGO RESI</tag>
<status status="FAIL" starttime="20220926 14:00:58.781" endtime="20220926 14:00:58.781">Test execution stopped due to a fatal error.</status>
</test>
<test id="s1-t17" name="ARCLMU-8652">
<tag>robot:exit</tag>
<tag>TEST-014-ARCLMU-8652-Correcta visualización de dashboard de Mis consumos POSTPAGO RESI</tag>
<status status="FAIL" starttime="20220926 14:00:58.782" endtime="20220926 14:00:58.782">Test execution stopped due to a fatal error.</status>
</test>
<test id="s1-t18" name="ARCLMU-8653">
<tag>robot:exit</tag>
<tag>TEST-015-ARCLMU-8653-Correcta visualización de las Notificaciones POSTPAGO RESI</tag>
<status status="FAIL" starttime="20220926 14:00:58.782" endtime="20220926 14:00:58.783">Test execution stopped due to a fatal error.</status>
</test>
<test id="s1-t19" name="ARCLMU-8654">
<tag>robot:exit</tag>
<tag>TEST-016-ARCLMU-8654-Comprobar la página de Ajustes de Notificaciones POSTPAGO RESI</tag>
<status status="FAIL" starttime="20220926 14:00:58.783" endtime="20220926 14:00:58.784">Test execution stopped due to a fatal error.</status>
</test>
<test id="s1-t20" name="ARCLMU-8655">
<tag>robot:exit</tag>
<tag>TEST-017-ARCLMU-8655-Comprobar página de Mi contrato POSTPAGO RESI</tag>
<status status="FAIL" starttime="20220926 14:00:58.784" endtime="20220926 14:00:58.785">Test execution stopped due to a fatal error.</status>
</test>
<test id="s1-t21" name="ARCLMU-8656">
<tag>robot:exit</tag>
<tag>TEST-018-ARCLMU-8656-Comprobar página de Mis datos personales POSTPAGO RESI</tag>
<status status="FAIL" starttime="20220926 14:00:58.785" endtime="20220926 14:00:58.785">Test execution stopped due to a fatal error.</status>
</test>
<test id="s1-t22" name="ARCLMU-8657">
<tag>robot:exit</tag>
<tag>TEST-019-ARCLMU-8657-Comprobar página de Mi documento POSTPAGO RESI</tag>
<status status="FAIL" starttime="20220926 14:00:58.786" endtime="20220926 14:00:58.787">Test execution stopped due to a fatal error.</status>
</test>
<test id="s1-t23" name="ARCLMU-8658">
<tag>robot:exit</tag>
<tag>TEST-020-ARCLMU-8658-Comprobar página Revisión de privacidad POSTPAGO RESI</tag>
<status status="FAIL" starttime="20220926 14:00:58.787" endtime="20220926 14:00:58.787">Test execution stopped due to a fatal error.</status>
</test>
<test id="s1-t24" name="ARCLMU-8659">
<tag>robot:exit</tag>
<tag>TEST-021-ARCLMU-8659-Componente Mis servicios contratados POSTPAGO RESI</tag>
<status status="FAIL" starttime="20220926 14:00:58.788" endtime="20220926 14:00:58.788">Test execution stopped due to a fatal error.</status>
</test>
<test id="s1-t25" name="ARCLMU-8662">
<tag>robot:exit</tag>
<tag>TEST-024-ARCLMU-8662-Djingo POSTPAGO RESI</tag>
<status status="FAIL" starttime="20220926 14:00:58.788" endtime="20220926 14:00:58.788">Test execution stopped due to a fatal error.</status>
</test>
<test id="s1-t26" name="ARCLMU-8763">
<tag>robot:exit</tag>
<tag>TEST-025-ARCLMU-8763-Comprobación de la página de 13 facturas POSTPAGO RESI</tag>
<status status="FAIL" starttime="20220926 14:00:58.789" endtime="20220926 14:00:58.789">Test execution stopped due to a fatal error.</status>
</test>
<test id="s1-t27" name="ARCLMU-8764">
<tag>robot:exit</tag>
<tag>TEST-026-ARCLMU-8764-Comprobación de la página de Facturas antiguas POSTPAGO RESI</tag>
<status status="FAIL" starttime="20220926 14:00:58.789" endtime="20220926 14:00:58.790">Test execution stopped due to a fatal error.</status>
</test>
<test id="s1-t28" name="ARCLMU-8765">
<tag>robot:exit</tag>
<tag>TEST-027-ARCLMU-8765-Comprobación de la página Dudas con tu factura POSTPAGO RESI</tag>
<status status="FAIL" starttime="20220926 14:00:58.790" endtime="20220926 14:00:58.790">Test execution stopped due to a fatal error.</status>
</test>
<test id="s1-t29" name="ARCLMU-8767">
<tag>robot:exit</tag>
<tag>TEST-029-ARCLMU-8767-Comprobación del dashboard de Ajustes de factura POSTPAGO RESI</tag>
<status status="FAIL" starttime="20220926 14:00:58.790" endtime="20220926 14:00:58.791">Test execution stopped due to a fatal error.</status>
</test>
<test id="s1-t30" name="ARCLMU-8769">
<tag>robot:exit</tag>
<tag>TEST-031-ARCLMU-8769-Comprobación de la página Dudas consulta factura POSTPAGO RESI</tag>
<status status="FAIL" starttime="20220926 14:00:58.791" endtime="20220926 14:00:58.791">Test execution stopped due to a fatal error.</status>
</test>
<test id="s1-t31" name="ARCLMU-8770">
<tag>robot:exit</tag>
<tag>TEST-032-ARCLMU-8770-Comprobación de la página Dudas consulta pagos POSTPAGO RESI</tag>
<status status="FAIL" starttime="20220926 14:00:58.791" endtime="20220926 14:00:58.792">Test execution stopped due to a fatal error.</status>
</test>
<test id="s1-t32" name="ARCLMU-8771">
<tag>robot:exit</tag>
<tag>TEST-033-ARCLMU-8771-Comprobación de la página Dudas descuentos y promociones POSTPAGO RESI</tag>
<status status="FAIL" starttime="20220926 14:00:58.792" endtime="20220926 14:00:58.792">Test execution stopped due to a fatal error.</status>
</test>
<test id="s1-t33" name="ARCLMU-8895">
<tag>robot:exit</tag>
<tag>TEST-034-ARCLMU-8895-Comprobación de la página de detalle de consumos fijo POSTPAGO RESI</tag>
<status status="FAIL" starttime="20220926 14:00:58.793" endtime="20220926 14:00:58.793">Test execution stopped due to a fatal error.</status>
</test>
<test id="s1-t34" name="ARCLMU-8896">
<tag>robot:exit</tag>
<tag>TEST-035-ARCLMU-8896-Comprobación de la página de Detalle de consumos móvil POSTPAGO RESI</tag>
<status status="FAIL" starttime="20220926 14:00:58.793" endtime="20220926 14:00:58.794">Test execution stopped due to a fatal error.</status>
</test>
<test id="s1-t35" name="ARCLMU-8897">
<tag>robot:exit</tag>
<tag>TEST-036-ARCLMU-8897-Comprobación de la página de Gasto adicional POSTPAGO RESI</tag>
<status status="FAIL" starttime="20220926 14:00:58.794" endtime="20220926 14:00:58.794">Test execution stopped due to a fatal error.</status>
</test>
<test id="s1-t36" name="ARCLMU-8898">
<tag>robot:exit</tag>
<tag>TEST-037-ARCLMU-8898-Comprobación de la página de ayuda Diagnostico e incidencias POSTPAGO RESI</tag>
<status status="FAIL" starttime="20220926 14:00:58.794" endtime="20220926 14:00:58.795">Test execution stopped due to a fatal error.</status>
</test>
<test id="s1-t37" name="ARCLMU-8899">
<tag>robot:exit</tag>
<tag>TEST-038-ARCLMU-8899-Comprobación de la página de ayuda Seguimiento de casos POSTPAGO RESI</tag>
<status status="FAIL" starttime="20220926 14:00:58.795" endtime="20220926 14:00:58.795">Test execution stopped due to a fatal error.</status>
</test>
<test id="s1-t38" name="ARCLMU-8900">
<tag>robot:exit</tag>
<tag>TEST-039-ARCLMU-8900-Comprobación de la página de ayuda Algo no funciona POSTPAGO RESI</tag>
<status status="FAIL" starttime="20220926 14:00:58.796" endtime="20220926 14:00:58.796">Test execution stopped due to a fatal error.</status>
</test>
<test id="s1-t39" name="ARCLMU-8901">
<tag>robot:exit</tag>
<tag>TEST-040-ARCLMU-8901-Comprobación de la página de ayuda Dispositivo estropeado POSTPAGO RESI</tag>
<status status="FAIL" starttime="20220926 14:00:58.796" endtime="20220926 14:00:58.797">Test execution stopped due to a fatal error.</status>
</test>
<test id="s1-t40" name="ARCLMU-8902">
<tag>robot:exit</tag>
<tag>TEST-041-ARCLMU-8902-Comprobación de la página de ayuda Estado de mi pedido POSTPAGO RESI</tag>
<status status="FAIL" starttime="20220926 14:00:58.797" endtime="20220926 14:00:58.798">Test execution stopped due to a fatal error.</status>
</test>
<test id="s1-t41" name="ARCLMU-8903">
<tag>robot:exit</tag>
<tag>TEST-042-ARCLMU-8903-Comprobación de la página de ayuda Cancelar pedido explicativo POSTPAGO RESI</tag>
<status status="FAIL" starttime="20220926 14:00:58.798" endtime="20220926 14:00:58.799">Test execution stopped due to a fatal error.</status>
</test>
<test id="s1-t42" name="ARCLMU-8904">
<tag>robot:exit</tag>
<tag>TEST-043-ARCLMU-8904-Comprobación de la página de ayuda Mi linea POSTPAGO RESI</tag>
<status status="FAIL" starttime="20220926 14:00:58.799" endtime="20220926 14:00:58.799">Test execution stopped due to a fatal error.</status>
</test>
<test id="s1-t43" name="ARCLMU-8905">
<tag>robot:exit</tag>
<tag>TEST-044-ARCLMU-8905-Comprobación de la página de ayuda Servicios a terceros explicativa POSTPAGO RESI</tag>
<status status="FAIL" starttime="20220926 14:00:58.799" endtime="20220926 14:00:58.800">Test execution stopped due to a fatal error.</status>
</test>
<test id="s1-t44" name="ARCLMU-8906">
<tag>robot:exit</tag>
<tag>TEST-045-ARCLMU-8906-Comprobación de la página de ayuda Factura POSTPAGO RESI</tag>
<status status="FAIL" starttime="20220926 14:00:58.800" endtime="20220926 14:00:58.801">Test execution stopped due to a fatal error.</status>
</test>
<test id="s1-t45" name="ARCLMU-8907">
<tag>robot:exit</tag>
<tag>TEST-046-ARCLMU-8907-Comprobación de la página de ayuda Contacta con Orange POSTPAGO RESI</tag>
<status status="FAIL" starttime="20220926 14:00:58.801" endtime="20220926 14:00:58.802">Test execution stopped due to a fatal error.</status>
</test>
<test id="s1-t46" name="ARCLMU-8908">
<tag>robot:exit</tag>
<tag>TEST-047-ARCLMU-8908-Comprobación de la página de ayuda Factura impagada POSTPAGO RESI</tag>
<status status="FAIL" starttime="20220926 14:00:58.802" endtime="20220926 14:00:58.803">Test execution stopped due to a fatal error.</status>
</test>
<test id="s1-t47" name="ARCLMU-8909">
<tag>robot:exit</tag>
<tag>TEST-048-ARCLMU-8909-Comprobación de la página de ayuda Preguntas frecuentes POSTPAGO RESI</tag>
<status status="FAIL" starttime="20220926 14:00:58.803" endtime="20220926 14:00:58.803">Test execution stopped due to a fatal error.</status>
</test>
<test id="s1-t48" name="POSTCONDICION">
<tag>robot:exit</tag>
<status status="FAIL" starttime="20220926 14:00:58.803" endtime="20220926 14:00:58.804">Test execution stopped due to a fatal error.</status>
</test>
<status status="FAIL" starttime="20220926 13:58:02.057" endtime="20220926 14:00:58.805"/>
</suite>
<statistics>
<total>
<stat pass="1" fail="47" skip="0">All Tests</stat>
</total>
<tag>
<stat pass="1" fail="9" skip="0" info="combined" combined="NOT robot:exit">NOT robot:exit</stat>
<stat pass="0" fail="1" skip="0">TEST-000-ARCLMU-9999-Prueba de logado</stat>
<stat pass="0" fail="1" skip="0">TEST-001-ARCLMU-1411-Correcta visualización de dashboard POSTPAGO RESI</stat>
<stat pass="0" fail="1" skip="0">TEST-001-ARCLMU-8888-Correcta visualización de dashboard POSTPAGO RESI</stat>
<stat pass="0" fail="1" skip="0">TEST-002-ARCLMU-8123-Correcta visualización de los contadores del dashboard POSTPAGO RESI</stat>
<stat pass="0" fail="1" skip="0">TEST-003-ARCLMU-8124-Correcta visualización del componente días para última factura POSTPAGO RESI</stat>
<stat pass="0" fail="1" skip="0">TEST-004-ARCLMU-8125-Correcta carga del selector de dashboard POSTPAGO RESI</stat>
<stat pass="0" fail="1" skip="0">TEST-005-ARCLMU-8126-Comprobación del dashboard de Fijo POSTPAGO RESI</stat>
<stat pass="0" fail="1" skip="0">TEST-006-ARCLMU-8127-Comprobación del dashboard de TV POSTPAGO RESI</stat>
<stat pass="0" fail="1" skip="0">TEST-007-ARCLMU-1412-Visualización correcta de la página de Mi línea POSTPAGO RESI</stat>
<stat pass="0" fail="1" skip="0">TEST-008-ARCLMU-1414-Visualización de la página de Facturas POSTPAGO RESI</stat>
<stat pass="0" fail="1" skip="0">TEST-009-ARCLMU-1415-Correcta visualizacion de la página de Contrata POSTPAGO RESI</stat>
<stat pass="0" fail="1" skip="0">TEST-010-ARCLMU-1416-Sección Ayuda POSTPAGO RESI</stat>
<stat pass="0" fail="1" skip="0">TEST-011-ARCLMU-1424-Buscador POSTPAGO RESI</stat>
<stat pass="0" fail="1" skip="0">TEST-012-ARCLMU-1440-Acceso Ser de Orange (SdO) y consulta Ventajas, Hucha, Servicios Extra y Descuentos POSTPAGO RESI</stat>
<stat pass="0" fail="1" skip="0">TEST-013-ARCLMU-3555-Consulta de Compromiso Permanencia POSTPAGO RESI</stat>
<stat pass="0" fail="1" skip="0">TEST-014-ARCLMU-8652-Correcta visualización de dashboard de Mis consumos POSTPAGO RESI</stat>
<stat pass="0" fail="1" skip="0">TEST-015-ARCLMU-8653-Correcta visualización de las Notificaciones POSTPAGO RESI</stat>
<stat pass="0" fail="1" skip="0">TEST-016-ARCLMU-8654-Comprobar la página de Ajustes de Notificaciones POSTPAGO RESI</stat>
<stat pass="0" fail="1" skip="0">TEST-017-ARCLMU-8655-Comprobar página de Mi contrato POSTPAGO RESI</stat>
<stat pass="0" fail="1" skip="0">TEST-018-ARCLMU-8656-Comprobar página de Mis datos personales POSTPAGO RESI</stat>
<stat pass="0" fail="1" skip="0">TEST-019-ARCLMU-8657-Comprobar página de Mi documento POSTPAGO RESI</stat>
<stat pass="0" fail="1" skip="0">TEST-020-ARCLMU-8658-Comprobar página Revisión de privacidad POSTPAGO RESI</stat>
<stat pass="0" fail="1" skip="0">TEST-021-ARCLMU-8659-Componente Mis servicios contratados POSTPAGO RESI</stat>
<stat pass="0" fail="1" skip="0">TEST-024-ARCLMU-8662-Djingo POSTPAGO RESI</stat>
<stat pass="0" fail="1" skip="0">TEST-025-ARCLMU-8763-Comprobación de la página de 13 facturas POSTPAGO RESI</stat>
<stat pass="0" fail="1" skip="0">TEST-026-ARCLMU-8764-Comprobación de la página de Facturas antiguas POSTPAGO RESI</stat>
<stat pass="0" fail="1" skip="0">TEST-027-ARCLMU-8765-Comprobación de la página Dudas con tu factura POSTPAGO RESI</stat>
<stat pass="0" fail="1" skip="0">TEST-029-ARCLMU-8767-Comprobación del dashboard de Ajustes de factura POSTPAGO RESI</stat>
<stat pass="0" fail="1" skip="0">TEST-031-ARCLMU-8769-Comprobación de la página Dudas consulta factura POSTPAGO RESI</stat>
<stat pass="0" fail="1" skip="0">TEST-032-ARCLMU-8770-Comprobación de la página Dudas consulta pagos POSTPAGO RESI</stat>
<stat pass="0" fail="1" skip="0">TEST-033-ARCLMU-8771-Comprobación de la página Dudas descuentos y promociones POSTPAGO RESI</stat>
<stat pass="0" fail="1" skip="0">TEST-034-ARCLMU-8895-Comprobación de la página de detalle de consumos fijo POSTPAGO RESI</stat>
<stat pass="0" fail="1" skip="0">TEST-035-ARCLMU-8896-Comprobación de la página de Detalle de consumos móvil POSTPAGO RESI</stat>
<stat pass="0" fail="1" skip="0">TEST-036-ARCLMU-8897-Comprobación de la página de Gasto adicional POSTPAGO RESI</stat>
<stat pass="0" fail="1" skip="0">TEST-037-ARCLMU-8898-Comprobación de la página de ayuda Diagnostico e incidencias POSTPAGO RESI</stat>
<stat pass="0" fail="1" skip="0">TEST-038-ARCLMU-8899-Comprobación de la página de ayuda Seguimiento de casos POSTPAGO RESI</stat>
<stat pass="0" fail="1" skip="0">TEST-039-ARCLMU-8900-Comprobación de la página de ayuda Algo no funciona POSTPAGO RESI</stat>
<stat pass="0" fail="1" skip="0">TEST-040-ARCLMU-8901-Comprobación de la página de ayuda Dispositivo estropeado POSTPAGO RESI</stat>
<stat pass="0" fail="1" skip="0">TEST-041-ARCLMU-8902-Comprobación de la página de ayuda Estado de mi pedido POSTPAGO RESI</stat>
<stat pass="0" fail="1" skip="0">TEST-042-ARCLMU-8903-Comprobación de la página de ayuda Cancelar pedido explicativo POSTPAGO RESI</stat>
<stat pass="0" fail="1" skip="0">TEST-043-ARCLMU-8904-Comprobación de la página de ayuda Mi linea POSTPAGO RESI</stat>
<stat pass="0" fail="1" skip="0">TEST-044-ARCLMU-8905-Comprobación de la página de ayuda Servicios a terceros explicativa POSTPAGO RESI</stat>
<stat pass="0" fail="1" skip="0">TEST-045-ARCLMU-8906-Comprobación de la página de ayuda Factura POSTPAGO RESI</stat>
<stat pass="0" fail="1" skip="0">TEST-046-ARCLMU-8907-Comprobación de la página de ayuda Contacta con Orange POSTPAGO RESI</stat>
<stat pass="0" fail="1" skip="0">TEST-047-ARCLMU-8908-Comprobación de la página de ayuda Factura impagada POSTPAGO RESI</stat>
<stat pass="0" fail="1" skip="0">TEST-048-ARCLMU-8909-Comprobación de la página de ayuda Preguntas frecuentes POSTPAGO RESI</stat>
</tag>
<suite>
<stat pass="1" fail="47" skip="0" id="s1" name="ARCLMU-3181">ARCLMU-3181</stat>
</suite>
</statistics>
<errors>
</errors>
</robot>
