<?xml version="1.0" encoding="UTF-8"?>
<robot generator="Robot 4.1.2 (Python 3.10.6 on darwin)" generated="20221013 11:52:40.054" rpa="false" schemaversion="2">
<suite id="s1" name="ARCLMU-3181" source="/Users/israel.garate/Documents/poc_fwrk/Tests/ARCLMU-3181.robot">
<test id="s1-t1" name="PRECONDICION">
<kw name="Fecha y hora de inicio de la Suite" library="keywords">
<kw name="Get Current Date" library="DateTime">
<var>${fecha_inicial}</var>
<arg>result_format=timestamp</arg>
<doc>Returns current local or UTC time with an optional increment.</doc>
<msg timestamp="20221013 11:52:40.855" level="INFO">${fecha_inicial} = 2022-10-13 11:52:40.855</msg>
<status status="PASS" starttime="20221013 11:52:40.855" endtime="20221013 11:52:40.855"/>
</kw>
<kw name="Get Current Date" library="DateTime">
<var>${fecha_inicial}</var>
<arg>result_format=%Y-%m-%dT%H:%M:%S.%f</arg>
<doc>Returns current local or UTC time with an optional increment.</doc>
<msg timestamp="20221013 11:52:40.855" level="INFO">${fecha_inicial} = 2022-10-13T11:52:40.854955</msg>
<status status="PASS" starttime="20221013 11:52:40.855" endtime="20221013 11:52:40.855"/>
</kw>
<kw name="Get Substring" library="String">
<var>${fecha_inicial}</var>
<arg>${fecha_inicial}</arg>
<arg>0</arg>
<arg>23</arg>
<doc>Returns a substring from ``start`` index to ``end`` index.</doc>
<msg timestamp="20221013 11:52:40.855" level="INFO">${fecha_inicial} = 2022-10-13T11:52:40.854</msg>
<status status="PASS" starttime="20221013 11:52:40.855" endtime="20221013 11:52:40.855"/>
</kw>
<kw name="Create List" library="BuiltIn">
<var>${lista_testplan}</var>
<arg>${test_plan}</arg>
<doc>Returns a list containing given items.</doc>
<msg timestamp="20221013 11:52:40.855" level="INFO">${lista_testplan} = ['ARCLMU-3181']</msg>
<status status="PASS" starttime="20221013 11:52:40.855" endtime="20221013 11:52:40.855"/>
</kw>
<kw name="Get File" library="OperatingSystem">
<var>${json_xray_suite}</var>
<arg>./resources/json/xray_suite_plantilla.json</arg>
<doc>Returns the contents of a specified file.</doc>
<msg timestamp="20221013 11:52:40.855" level="INFO" html="true">Getting file '&lt;a href="file:///Users/israel.garate/Documents/poc_fwrk/resources/json/xray_suite_plantilla.json"&gt;/Users/israel.garate/Documents/poc_fwrk/resources/json/xray_suite_plantilla.json&lt;/a&gt;'.</msg>
<msg timestamp="20221013 11:52:40.856" level="INFO">${json_xray_suite} = {
    "fields": {
        "summary": "ACME: AREA CLIENTE MULTIPLATAFORMA ECARE",
        "description": "",
        "customfield_14817": "2021-02-07T18:11:43.537+0100",
        "customfield_14818": "2...</msg>
<status status="PASS" starttime="20221013 11:52:40.855" endtime="20221013 11:52:40.856"/>
</kw>
<kw name="Evaluate" library="BuiltIn">
<var>${object}</var>
<arg>json.loads('''${json_xray_suite}''')</arg>
<arg>json</arg>
<doc>Evaluates the given expression in Python and returns the result.</doc>
<msg timestamp="20221013 11:52:40.856" level="INFO">${object} = {'fields': {'summary': 'ACME: AREA CLIENTE MULTIPLATAFORMA ECARE', 'description': '', 'customfield_14817': '2021-02-07T18:11:43.537+0100', 'customfield_14818': '2020-11-03T13:11:53.564+0100', 'customf...</msg>
<status status="PASS" starttime="20221013 11:52:40.856" endtime="20221013 11:52:40.856"/>
</kw>
<kw name="Set To Dictionary" library="Collections">
<arg>${object["fields"]}</arg>
<arg>customfield_14817=${fecha_inicial}+0100</arg>
<doc>Adds the given ``key_value_pairs`` and ``items`` to the ``dictionary``.</doc>
<status status="PASS" starttime="20221013 11:52:40.856" endtime="20221013 11:52:40.858"/>
</kw>
<kw name="Set To Dictionary" library="Collections">
<arg>${object["fields"]}</arg>
<arg>customfield_14827=${lista_testplan}</arg>
<doc>Adds the given ``key_value_pairs`` and ``items`` to the ``dictionary``.</doc>
<status status="PASS" starttime="20221013 11:52:40.858" endtime="20221013 11:52:40.859"/>
</kw>
<kw name="Dumps" library="json">
<var>${xray_suite}</var>
<arg>${object}</arg>
<arg>ensure_ascii=False</arg>
<doc>Serialize ``obj`` to a JSON formatted ``str``.</doc>
<msg timestamp="20221013 11:52:40.860" level="INFO">${xray_suite} = {"fields": {"summary": "ACME: AREA CLIENTE MULTIPLATAFORMA ECARE", "description": "", "customfield_14817": "2022-10-13T11:52:40.854+0100", "customfield_14818": "2020-11-03T13:11:53.564+0100", "customf...</msg>
<status status="PASS" starttime="20221013 11:52:40.859" endtime="20221013 11:52:40.860"/>
</kw>
<kw name="Create File" library="OperatingSystem">
<arg>./output/xray/xray_suite.json</arg>
<arg>${xray_suite}</arg>
<doc>Creates a file with the given content and encoding.</doc>
<msg timestamp="20221013 11:52:40.860" level="INFO" html="true">Created file '&lt;a href="file:///Users/israel.garate/Documents/poc_fwrk/output/xray/xray_suite.json"&gt;/Users/israel.garate/Documents/poc_fwrk/output/xray/xray_suite.json&lt;/a&gt;'.</msg>
<status status="PASS" starttime="20221013 11:52:40.860" endtime="20221013 11:52:40.860"/>
</kw>
<kw name="Log To Console" library="BuiltIn">
<arg>*</arg>
<doc>Logs the given message to the console.</doc>
<status status="PASS" starttime="20221013 11:52:40.860" endtime="20221013 11:52:40.860"/>
</kw>
<kw name="Log To Console" library="BuiltIn">
<arg>*****************************************************************************************************************************************</arg>
<doc>Logs the given message to the console.</doc>
<status status="PASS" starttime="20221013 11:52:40.860" endtime="20221013 11:52:40.860"/>
</kw>
<kw name="Log To Console" library="BuiltIn">
<arg>*****************************************************************************************************************************************</arg>
<doc>Logs the given message to the console.</doc>
<status status="PASS" starttime="20221013 11:52:40.860" endtime="20221013 11:52:40.860"/>
</kw>
<kw name="Log To Console" library="BuiltIn">
<arg>*****************************************************************************************************************************************</arg>
<doc>Logs the given message to the console.</doc>
<status status="PASS" starttime="20221013 11:52:40.860" endtime="20221013 11:52:40.860"/>
</kw>
<kw name="Log To Console" library="BuiltIn">
<arg>*****************************************************************************************************************************************</arg>
<doc>Logs the given message to the console.</doc>
<status status="PASS" starttime="20221013 11:52:40.861" endtime="20221013 11:52:40.861"/>
</kw>
<kw name="Log To Console" library="BuiltIn">
<arg>TEST PLAN QUE SE INICIA:</arg>
<doc>Logs the given message to the console.</doc>
<status status="PASS" starttime="20221013 11:52:40.861" endtime="20221013 11:52:40.861"/>
</kw>
<kw name="Log To Console" library="BuiltIn">
<arg>${test_plan}-[ACME-TEST PLAN-AUTOMATIC]-Batería de Pruebas de regresión automáticas ${perfil}</arg>
<doc>Logs the given message to the console.</doc>
<status status="PASS" starttime="20221013 11:52:40.861" endtime="20221013 11:52:40.861"/>
</kw>
<kw name="Log To Console" library="BuiltIn">
<arg>*</arg>
<doc>Logs the given message to the console.</doc>
<status status="PASS" starttime="20221013 11:52:40.861" endtime="20221013 11:52:40.861"/>
</kw>
<kw name="Log To Console" library="BuiltIn">
<arg>Lo vamos a ejecutar contra el entorno ${entorno} y sobre un navegador ${deviceName}</arg>
<doc>Logs the given message to the console.</doc>
<status status="PASS" starttime="20221013 11:52:40.861" endtime="20221013 11:52:40.861"/>
</kw>
<kw name="Log To Console" library="BuiltIn">
<arg>*****************************************************************************************************************************************</arg>
<doc>Logs the given message to the console.</doc>
<status status="PASS" starttime="20221013 11:52:40.861" endtime="20221013 11:52:40.861"/>
</kw>
<kw name="Log To Console" library="BuiltIn">
<arg>*****************************************************************************************************************************************</arg>
<doc>Logs the given message to the console.</doc>
<status status="PASS" starttime="20221013 11:52:40.861" endtime="20221013 11:52:40.861"/>
</kw>
<kw name="Log To Console" library="BuiltIn">
<arg>*****************************************************************************************************************************************</arg>
<doc>Logs the given message to the console.</doc>
<status status="PASS" starttime="20221013 11:52:40.861" endtime="20221013 11:52:40.862"/>
</kw>
<kw name="Log To Console" library="BuiltIn">
<arg>*****************************************************************************************************************************************</arg>
<doc>Logs the given message to the console.</doc>
<status status="PASS" starttime="20221013 11:52:40.862" endtime="20221013 11:52:40.862"/>
</kw>
<status status="PASS" starttime="20221013 11:52:40.855" endtime="20221013 11:52:40.862"/>
</kw>
<kw name="Preparo fecha y hora de los tests" library="keywords">
<kw name="Get File" library="OperatingSystem">
<var>${json_xray_test}</var>
<arg>./resources/json/xray_test_plantilla.json</arg>
<doc>Returns the contents of a specified file.</doc>
<msg timestamp="20221013 11:52:40.862" level="INFO" html="true">Getting file '&lt;a href="file:///Users/israel.garate/Documents/poc_fwrk/resources/json/xray_test_plantilla.json"&gt;/Users/israel.garate/Documents/poc_fwrk/resources/json/xray_test_plantilla.json&lt;/a&gt;'.</msg>
<msg timestamp="20221013 11:52:40.862" level="INFO">${json_xray_test} = {
    "tests": []
}</msg>
<status status="PASS" starttime="20221013 11:52:40.862" endtime="20221013 11:52:40.862"/>
</kw>
<kw name="Evaluate" library="BuiltIn">
<var>${object}</var>
<arg>json.loads('''${json_xray_test}''')</arg>
<arg>json</arg>
<doc>Evaluates the given expression in Python and returns the result.</doc>
<msg timestamp="20221013 11:52:40.862" level="INFO">${object} = {'tests': []}</msg>
<status status="PASS" starttime="20221013 11:52:40.862" endtime="20221013 11:52:40.862"/>
</kw>
<kw name="Dumps" library="json">
<var>${json_xray_test}</var>
<arg>${object}</arg>
<arg>ensure_ascii=False</arg>
<doc>Serialize ``obj`` to a JSON formatted ``str``.</doc>
<msg timestamp="20221013 11:52:40.863" level="INFO">${json_xray_test} = {"tests": []}</msg>
<status status="PASS" starttime="20221013 11:52:40.862" endtime="20221013 11:52:40.863"/>
</kw>
<kw name="Create File" library="OperatingSystem">
<arg>./output/xray/xray_test.json</arg>
<arg>${json_xray_test}</arg>
<doc>Creates a file with the given content and encoding.</doc>
<msg timestamp="20221013 11:52:40.863" level="INFO" html="true">Created file '&lt;a href="file:///Users/israel.garate/Documents/poc_fwrk/output/xray/xray_test.json"&gt;/Users/israel.garate/Documents/poc_fwrk/output/xray/xray_test.json&lt;/a&gt;'.</msg>
<status status="PASS" starttime="20221013 11:52:40.863" endtime="20221013 11:52:40.863"/>
</kw>
<status status="PASS" starttime="20221013 11:52:40.862" endtime="20221013 11:52:40.863"/>
</kw>
<kw name="Pasa los certificados" library="keywords">
<kw name="Warning" library="travelfree">
<status status="PASS" starttime="20221013 11:52:40.863" endtime="20221013 11:52:40.863"/>
</kw>
<kw name="Verify" library="travelfree">
<arg>${REMOTE_URL}</arg>
<status status="PASS" starttime="20221013 11:52:40.863" endtime="20221013 11:52:41.394"/>
</kw>
<status status="PASS" starttime="20221013 11:52:40.863" endtime="20221013 11:52:41.394"/>
</kw>
<kw name="Abro app" library="keywords">
<kw name="Set Library Search Order" library="BuiltIn">
<arg>AppiumLibrary</arg>
<arg>SikuliLibrary</arg>
<doc>Sets the resolution order to use when a name matches multiple keywords.</doc>
<status status="PASS" starttime="20221013 11:52:41.395" endtime="20221013 11:52:41.395"/>
</kw>
<kw name="Set Variable If" library="BuiltIn">
<var>${env}</var>
<arg>'${entorno}' == 'ENT1'</arg>
<arg>https://ecare.uat2.si.orange.es/soycliente/</arg>
<arg>'${entorno}' == 'ENT2'</arg>
<arg>https://ecare.uat.si.orange.es/soycliente/</arg>
<arg>'${entorno}' == 'ASEG'</arg>
<arg>https://ecare.ase.si.orange.es/soycliente/</arg>
<arg>'${entorno}' == 'LOCAL'</arg>
<arg>http://localhost:4201/soycliente/</arg>
<arg>'${entorno}' == 'PROD'</arg>
<arg>https://areaprivada.orange.es/soycliente/</arg>
<doc>Sets variable based on the given condition.</doc>
<kw name="Set Variable If" library="BuiltIn">
<arg>'${entorno}' == 'ENT2'</arg>
<arg>https://ecare.uat.si.orange.es/soycliente/</arg>
<arg>'${entorno}' == 'ASEG'</arg>
<arg>https://ecare.ase.si.orange.es/soycliente/</arg>
<arg>'${entorno}' == 'LOCAL'</arg>
<arg>http://localhost:4201/soycliente/</arg>
<arg>'${entorno}' == 'PROD'</arg>
<arg>https://areaprivada.orange.es/soycliente/</arg>
<doc>Sets variable based on the given condition.</doc>
<kw name="Set Variable If" library="BuiltIn">
<arg>'${entorno}' == 'ASEG'</arg>
<arg>https://ecare.ase.si.orange.es/soycliente/</arg>
<arg>'${entorno}' == 'LOCAL'</arg>
<arg>http://localhost:4201/soycliente/</arg>
<arg>'${entorno}' == 'PROD'</arg>
<arg>https://areaprivada.orange.es/soycliente/</arg>
<doc>Sets variable based on the given condition.</doc>
<kw name="Set Variable If" library="BuiltIn">
<arg>'${entorno}' == 'LOCAL'</arg>
<arg>http://localhost:4201/soycliente/</arg>
<arg>'${entorno}' == 'PROD'</arg>
<arg>https://areaprivada.orange.es/soycliente/</arg>
<doc>Sets variable based on the given condition.</doc>
<kw name="Set Variable If" library="BuiltIn">
<arg>'${entorno}' == 'PROD'</arg>
<arg>https://areaprivada.orange.es/soycliente/</arg>
<doc>Sets variable based on the given condition.</doc>
<status status="PASS" starttime="20221013 11:52:41.397" endtime="20221013 11:52:41.397"/>
</kw>
<status status="PASS" starttime="20221013 11:52:41.396" endtime="20221013 11:52:41.397"/>
</kw>
<status status="PASS" starttime="20221013 11:52:41.396" endtime="20221013 11:52:41.397"/>
</kw>
<status status="PASS" starttime="20221013 11:52:41.396" endtime="20221013 11:52:41.397"/>
</kw>
<msg timestamp="20221013 11:52:41.397" level="INFO">${env} = https://areaprivada.orange.es/soycliente/</msg>
<status status="PASS" starttime="20221013 11:52:41.395" endtime="20221013 11:52:41.397"/>
</kw>
<kw name="Set Global Variable" library="BuiltIn">
<arg>${env}</arg>
<doc>Makes a variable available globally in all tests and suites.</doc>
<msg timestamp="20221013 11:52:41.398" level="INFO">${env} = https://areaprivada.orange.es/soycliente/</msg>
<status status="PASS" starttime="20221013 11:52:41.397" endtime="20221013 11:52:41.398"/>
</kw>
<kw name="Open Application" library="AppiumLibrary">
<arg>${REMOTE_URL}</arg>
<arg>platformName=${PLATFORM_NAME}</arg>
<arg>os_version=${PLATFORM_VERSION}</arg>
<arg>device=${DEVICE_NAME}</arg>
<arg>deviceOrientation=${DEVICE_ORIENTATION}</arg>
<arg>app=bs://54a7409a873de79a36f54f2991e01e2875f60902</arg>
<arg>name=${TEST_NAME}</arg>
<arg>build=${TEST_BUILD}</arg>
<arg>automationName=${AUTOMATION_NAME}</arg>
<arg>autoGrantPermissions=true</arg>
<arg>autoAcceptAlerts=true</arg>
<arg>autoDismissAlerts=true</arg>
<arg>noReset=true</arg>
<doc>Opens a new application to given Appium server.
Capabilities of appium server, Android and iOS,
Please check https://github.com/appium/appium/blob/master/docs/en/writing-running-appium/server-args.md
| *Option*            | *Man.* | *Description*     |
| remote_url          | Yes    | Appium server url |
| alias               | no     | alias             |</doc>
<status status="PASS" starttime="20221013 11:52:41.398" endtime="20221013 11:53:11.251"/>
</kw>
<kw name="Sleep" library="BuiltIn">
<arg>2</arg>
<doc>Pauses the test executed for the given time.</doc>
<msg timestamp="20221013 11:53:13.253" level="INFO">Slept 2 seconds</msg>
<status status="PASS" starttime="20221013 11:53:11.251" endtime="20221013 11:53:13.254"/>
</kw>
<kw name="Log To Console" library="BuiltIn">
<arg>${entorno}</arg>
<doc>Logs the given message to the console.</doc>
<status status="PASS" starttime="20221013 11:53:13.254" endtime="20221013 11:53:13.255"/>
</kw>
<kw name="Log To Console" library="BuiltIn">
<arg>${env}</arg>
<doc>Logs the given message to the console.</doc>
<status status="PASS" starttime="20221013 11:53:13.255" endtime="20221013 11:53:13.255"/>
</kw>
<status status="PASS" starttime="20221013 11:52:41.394" endtime="20221013 11:53:13.256"/>
</kw>
<kw name="Teardown PRECONDICION" library="teardown_ARCLMU_3181" type="TEARDOWN">
<kw name="Log To Console" library="BuiltIn">
<arg>Esta es la PRECONDICIÓN</arg>
<doc>Logs the given message to the console.</doc>
<status status="PASS" starttime="20221013 11:53:13.259" endtime="20221013 11:53:13.259"/>
</kw>
<status status="PASS" starttime="20221013 11:53:13.258" endtime="20221013 11:53:13.259"/>
</kw>
<status status="PASS" starttime="20221013 11:52:40.854" endtime="20221013 11:53:13.260"/>
</test>
<test id="s1-t2" name="ARCLMU-9999">
<kw name="Fecha y hora del inicio del test" library="keywords">
<kw name="Get Current Date" library="DateTime">
<var>${inicial_test}</var>
<arg>result_format=timestamp</arg>
<doc>Returns current local or UTC time with an optional increment.</doc>
<msg timestamp="20221013 11:53:13.276" level="INFO">${inicial_test} = 2022-10-13 11:53:13.276</msg>
<status status="PASS" starttime="20221013 11:53:13.275" endtime="20221013 11:53:13.276"/>
</kw>
<kw name="Get Current Date" library="DateTime">
<var>${inicial_test}</var>
<arg>result_format=%Y-%m-%dT%H:%M:%S.%f</arg>
<doc>Returns current local or UTC time with an optional increment.</doc>
<msg timestamp="20221013 11:53:13.277" level="INFO">${inicial_test} = 2022-10-13T11:53:13.276450</msg>
<status status="PASS" starttime="20221013 11:53:13.276" endtime="20221013 11:53:13.277"/>
</kw>
<kw name="Get Substring" library="String">
<var>${inicial_test}</var>
<arg>${inicial_test}</arg>
<arg>0</arg>
<arg>23</arg>
<doc>Returns a substring from ``start`` index to ``end`` index.</doc>
<msg timestamp="20221013 11:53:13.277" level="INFO">${inicial_test} = 2022-10-13T11:53:13.276</msg>
<status status="PASS" starttime="20221013 11:53:13.277" endtime="20221013 11:53:13.277"/>
</kw>
<kw name="Set Suite Variable" library="BuiltIn">
<arg>${inicial_test}</arg>
<doc>Makes a variable available everywhere within the scope of the current suite.</doc>
<msg timestamp="20221013 11:53:13.278" level="INFO">${inicial_test} = 2022-10-13T11:53:13.276</msg>
<status status="PASS" starttime="20221013 11:53:13.277" endtime="20221013 11:53:13.278"/>
</kw>
<kw name="Log To Console" library="BuiltIn">
<arg>*</arg>
<doc>Logs the given message to the console.</doc>
<status status="PASS" starttime="20221013 11:53:13.278" endtime="20221013 11:53:13.278"/>
</kw>
<kw name="Log To Console" library="BuiltIn">
<arg>********************************************************************************************************</arg>
<doc>Logs the given message to the console.</doc>
<status status="PASS" starttime="20221013 11:53:13.278" endtime="20221013 11:53:13.279"/>
</kw>
<kw name="Log To Console" library="BuiltIn">
<arg>********************************************************************************************************</arg>
<doc>Logs the given message to the console.</doc>
<status status="PASS" starttime="20221013 11:53:13.279" endtime="20221013 11:53:13.279"/>
</kw>
<kw name="Log To Console" library="BuiltIn">
<arg>********************************************************************************************************</arg>
<doc>Logs the given message to the console.</doc>
<status status="PASS" starttime="20221013 11:53:13.279" endtime="20221013 11:53:13.279"/>
</kw>
<kw name="Log To Console" library="BuiltIn">
<arg>TEST EN EJECUCIÓN:</arg>
<doc>Logs the given message to the console.</doc>
<status status="PASS" starttime="20221013 11:53:13.280" endtime="20221013 11:53:13.280"/>
</kw>
<kw name="Log To Console" library="BuiltIn">
<arg>${TEST_NAME}-${TEST_TAGS}</arg>
<doc>Logs the given message to the console.</doc>
<status status="PASS" starttime="20221013 11:53:13.280" endtime="20221013 11:53:13.280"/>
</kw>
<kw name="Log To Console" library="BuiltIn">
<arg>*</arg>
<doc>Logs the given message to the console.</doc>
<status status="PASS" starttime="20221013 11:53:13.280" endtime="20221013 11:53:13.281"/>
</kw>
<kw name="Log To Console" library="BuiltIn">
<arg>Se trata de un perfil ${perfil} contra el entorno ${entorno} y sobre un dispositivo real</arg>
<doc>Logs the given message to the console.</doc>
<status status="PASS" starttime="20221013 11:53:13.281" endtime="20221013 11:53:13.281"/>
</kw>
<kw name="Log To Console" library="BuiltIn">
<arg>*</arg>
<doc>Logs the given message to the console.</doc>
<status status="PASS" starttime="20221013 11:53:13.281" endtime="20221013 11:53:13.282"/>
</kw>
<kw name="Log To Console" library="BuiltIn">
<arg>********************************************************************************************************</arg>
<doc>Logs the given message to the console.</doc>
<status status="PASS" starttime="20221013 11:53:13.282" endtime="20221013 11:53:13.282"/>
</kw>
<kw name="Log To Console" library="BuiltIn">
<arg>********************************************************************************************************</arg>
<doc>Logs the given message to the console.</doc>
<status status="PASS" starttime="20221013 11:53:13.282" endtime="20221013 11:53:13.282"/>
</kw>
<kw name="Log To Console" library="BuiltIn">
<arg>********************************************************************************************************</arg>
<doc>Logs the given message to the console.</doc>
<status status="PASS" starttime="20221013 11:53:13.282" endtime="20221013 11:53:13.283"/>
</kw>
<status status="PASS" starttime="20221013 11:53:13.274" endtime="20221013 11:53:13.283"/>
</kw>
<kw name="Probar login KO contraseña" library="keywords">
<kw name="Sleep" library="BuiltIn">
<arg>5</arg>
<doc>Pauses the test executed for the given time.</doc>
<msg timestamp="20221013 11:53:18.283" level="INFO">Slept 5 seconds</msg>
<status status="PASS" starttime="20221013 11:53:13.283" endtime="20221013 11:53:18.284"/>
</kw>
<kw name="Input Text" library="AppiumLibrary">
<arg>${input_user}</arg>
<arg>655758100</arg>
<doc>Types the given `text` into text field identified by `locator`.</doc>
<msg timestamp="20221013 11:53:18.309" level="INFO">Typing text '655758100' into text field 'xpath=//android.view.View[@resource-id="ocsLoginPassword_input_userNameField"]/descendant::android.widget.EditText'</msg>
<status status="PASS" starttime="20221013 11:53:18.284" endtime="20221013 11:53:18.924"/>
</kw>
<kw name="Input Password" library="AppiumLibrary">
<arg>${input_password}</arg>
<arg>passerror</arg>
<doc>Types the given password into text field identified by `locator`.</doc>
<msg timestamp="20221013 11:53:18.949" level="INFO">Typing password into text field 'xpath=//android.view.View[@resource-id="ocsLoginPassword_input_passwordField"]/descendant::android.widget.EditText'</msg>
<status status="PASS" starttime="20221013 11:53:18.925" endtime="20221013 11:53:19.797"/>
</kw>
<kw name="Click Element" library="AppiumLibrary">
<arg>${boton_ojito}</arg>
<doc>Click element identified by `locator`.</doc>
<msg timestamp="20221013 11:53:19.820" level="INFO">Clicking element '//*[@resource-id='ocsLoginPassword_btn_togglePasswordFieldVisibility']'.</msg>
<status status="PASS" starttime="20221013 11:53:19.798" endtime="20221013 11:53:20.918"/>
</kw>
<kw name="Click Element" library="AppiumLibrary">
<arg>${boton_entrar}</arg>
<doc>Click element identified by `locator`.</doc>
<msg timestamp="20221013 11:53:20.943" level="INFO">Clicking element '//*[@resource-id='ocsLoginPassword_btn_submitLoginForm']'.</msg>
<status status="PASS" starttime="20221013 11:53:20.918" endtime="20221013 11:53:21.870"/>
</kw>
<kw name="Sleep" library="BuiltIn">
<arg>5</arg>
<doc>Pauses the test executed for the given time.</doc>
<msg timestamp="20221013 11:53:26.874" level="INFO">Slept 5 seconds</msg>
<status status="PASS" starttime="20221013 11:53:21.871" endtime="20221013 11:53:26.874"/>
</kw>
<kw name="Get Contexts" library="AppiumLibrary">
<var>@{all_contexts}</var>
<doc>Get available contexts.</doc>
<msg timestamp="20221013 11:53:27.399" level="INFO">['NATIVE_APP', 'WEBVIEW_com.orange.miorange.dev']</msg>
<msg timestamp="20221013 11:53:27.400" level="INFO">@{all_contexts} = [ NATIVE_APP | WEBVIEW_com.orange.miorange.dev ]</msg>
<status status="PASS" starttime="20221013 11:53:26.874" endtime="20221013 11:53:27.400"/>
</kw>
<kw name="Switch To Context" library="AppiumLibrary">
<arg>WEBVIEW_com.orange.miorange.dev</arg>
<doc>Switch to a new context</doc>
<status status="PASS" starttime="20221013 11:53:27.401" endtime="20221013 11:53:27.972"/>
</kw>
<kw name="Wait Until Page Contains" library="AppiumLibrary">
<arg>Usuario/contraseña incorrecto.</arg>
<arg>timeout= 20</arg>
<doc>Waits until `text` appears on current page.</doc>
<status status="PASS" starttime="20221013 11:53:27.973" endtime="20221013 11:53:28.655"/>
</kw>
<kw name="Click Element" library="AppiumLibrary">
<arg>${boton_cerrarModal}</arg>
<doc>Click element identified by `locator`.</doc>
<msg timestamp="20221013 11:53:28.677" level="INFO">Clicking element 'xpath=(//button[@title="Cerrar ventana modal"])[2]'.</msg>
<status status="PASS" starttime="20221013 11:53:28.656" endtime="20221013 11:53:29.238"/>
</kw>
<kw name="Switch To Context" library="AppiumLibrary">
<arg>NATIVE_APP</arg>
<doc>Switch to a new context</doc>
<status status="PASS" starttime="20221013 11:53:29.238" endtime="20221013 11:53:29.533"/>
</kw>
<kw name="Sleep" library="BuiltIn">
<arg>5</arg>
<doc>Pauses the test executed for the given time.</doc>
<msg timestamp="20221013 11:53:34.535" level="INFO">Slept 5 seconds</msg>
<status status="PASS" starttime="20221013 11:53:29.533" endtime="20221013 11:53:34.535"/>
</kw>
<status status="PASS" starttime="20221013 11:53:13.283" endtime="20221013 11:53:34.536"/>
</kw>
<kw name="Logado OK" library="keywords">
<kw name="Sleep" library="BuiltIn">
<arg>5</arg>
<doc>Pauses the test executed for the given time.</doc>
<msg timestamp="20221013 11:53:39.539" level="INFO">Slept 5 seconds</msg>
<status status="PASS" starttime="20221013 11:53:34.537" endtime="20221013 11:53:39.540"/>
</kw>
<kw name="Input Text" library="AppiumLibrary">
<arg>${input_user}</arg>
<arg>${CREDENTIALS_${perfil}_${entorno}}[MSISDN]</arg>
<doc>Types the given `text` into text field identified by `locator`.</doc>
<msg timestamp="20221013 11:53:39.563" level="INFO">Typing text '683426066' into text field 'xpath=//android.view.View[@resource-id="ocsLoginPassword_input_userNameField"]/descendant::android.widget.EditText'</msg>
<status status="PASS" starttime="20221013 11:53:39.541" endtime="20221013 11:53:40.120"/>
</kw>
<kw name="Input Password" library="AppiumLibrary">
<arg>${input_password}</arg>
<arg>${CREDENTIALS_${perfil}_${entorno}}[PASS]</arg>
<doc>Types the given password into text field identified by `locator`.</doc>
<msg timestamp="20221013 11:53:40.146" level="INFO">Typing password into text field 'xpath=//android.view.View[@resource-id="ocsLoginPassword_input_passwordField"]/descendant::android.widget.EditText'</msg>
<status status="PASS" starttime="20221013 11:53:40.120" endtime="20221013 11:53:41.068"/>
</kw>
<kw name="Sleep" library="BuiltIn">
<arg>2</arg>
<doc>Pauses the test executed for the given time.</doc>
<msg timestamp="20221013 11:53:43.070" level="INFO">Slept 2 seconds</msg>
<status status="PASS" starttime="20221013 11:53:41.068" endtime="20221013 11:53:43.070"/>
</kw>
<kw name="Click Element" library="AppiumLibrary">
<arg>${boton_entrar}</arg>
<doc>Click element identified by `locator`.</doc>
<msg timestamp="20221013 11:53:43.093" level="INFO">Clicking element '//*[@resource-id='ocsLoginPassword_btn_submitLoginForm']'.</msg>
<status status="PASS" starttime="20221013 11:53:43.070" endtime="20221013 11:53:43.721"/>
</kw>
<kw name="Sleep" library="BuiltIn">
<arg>10</arg>
<doc>Pauses the test executed for the given time.</doc>
<msg timestamp="20221013 11:53:53.723" level="INFO">Slept 10 seconds</msg>
<status status="PASS" starttime="20221013 11:53:43.722" endtime="20221013 11:53:53.723"/>
</kw>
<kw name="Click Element" library="AppiumLibrary">
<arg>${denegar_contactos}</arg>
<doc>Click element identified by `locator`.</doc>
<msg timestamp="20221013 11:53:53.747" level="INFO">Clicking element 'xpath=//android.widget.TextView[@text="Gasto extra"]'.</msg>
<status status="PASS" starttime="20221013 11:53:53.724" endtime="20221013 11:53:54.539"/>
</kw>
<kw name="Sleep" library="BuiltIn">
<arg>5</arg>
<doc>Pauses the test executed for the given time.</doc>
<msg timestamp="20221013 11:53:59.541" level="INFO">Slept 5 seconds</msg>
<status status="PASS" starttime="20221013 11:53:54.539" endtime="20221013 11:53:59.542"/>
</kw>
<kw name="Click Element" library="AppiumLibrary">
<arg>${consumo}</arg>
<doc>Click element identified by `locator`.</doc>
<msg timestamp="20221013 11:53:59.564" level="INFO">Clicking element 'xpath=/hierarchy/android.widget.FrameLayout/android.widget.LinearLayout/android.widget.FrameLayout/android.widget.LinearLayout/android.widget.FrameLayout/android.view.ViewGroup/android.webkit.WebView/android.webkit.WebView/android.view.View/android.view.View/android.view.View/android.view.View[2]/android.view.View[1]/android.view.View/android.view.View/android.view.View/android.view.View/android.view.View[3]/android.widget.TextView'.</msg>
<status status="PASS" starttime="20221013 11:53:59.542" endtime="20221013 11:54:00.490"/>
</kw>
<kw name="Sleep" library="BuiltIn">
<arg>10</arg>
<doc>Pauses the test executed for the given time.</doc>
<msg timestamp="20221013 11:54:10.492" level="INFO">Slept 10 seconds</msg>
<status status="PASS" starttime="20221013 11:54:00.491" endtime="20221013 11:54:10.493"/>
</kw>
<kw name="Click Element" library="AppiumLibrary">
<arg>${consumo}</arg>
<doc>Click element identified by `locator`.</doc>
<msg timestamp="20221013 11:54:10.518" level="INFO">Clicking element 'xpath=/hierarchy/android.widget.FrameLayout/android.widget.LinearLayout/android.widget.FrameLayout/android.widget.LinearLayout/android.widget.FrameLayout/android.view.ViewGroup/android.webkit.WebView/android.webkit.WebView/android.view.View/android.view.View/android.view.View/android.view.View[2]/android.view.View[1]/android.view.View/android.view.View/android.view.View/android.view.View/android.view.View[3]/android.widget.TextView'.</msg>
<status status="PASS" starttime="20221013 11:54:10.494" endtime="20221013 11:54:11.084"/>
</kw>
<status status="PASS" starttime="20221013 11:53:34.537" endtime="20221013 11:54:11.085"/>
</kw>
<kw name="Teardown ARCLMU-9999" library="teardown_ARCLMU_3181" type="TEARDOWN">
<kw name="Fecha y hora de fin del test" library="keywords">
<kw name="Get Current Date" library="DateTime">
<var>${final_test}</var>
<arg>local</arg>
<arg>exclude_millis=yes</arg>
<arg>result_format=%Y-%m-%dT%H:%M:%S+01:00</arg>
<doc>Returns current local or UTC time with an optional increment.</doc>
<msg timestamp="20221013 11:54:11.094" level="INFO">${final_test} = 2022-10-13T11:54:11+01:00</msg>
<status status="PASS" starttime="20221013 11:54:11.093" endtime="20221013 11:54:11.094"/>
</kw>
<kw name="Get Current Date" library="DateTime">
<var>${final_test}</var>
<arg>result_format=timestamp</arg>
<doc>Returns current local or UTC time with an optional increment.</doc>
<msg timestamp="20221013 11:54:11.095" level="INFO">${final_test} = 2022-10-13 11:54:11.095</msg>
<status status="PASS" starttime="20221013 11:54:11.094" endtime="20221013 11:54:11.095"/>
</kw>
<kw name="Get Current Date" library="DateTime">
<var>${final_test}</var>
<arg>result_format=%Y-%m-%dT%H:%M:%S.%f</arg>
<doc>Returns current local or UTC time with an optional increment.</doc>
<msg timestamp="20221013 11:54:11.095" level="INFO">${final_test} = 2022-10-13T11:54:11.095402</msg>
<status status="PASS" starttime="20221013 11:54:11.095" endtime="20221013 11:54:11.096"/>
</kw>
<kw name="Get Substring" library="String">
<var>${final_test}</var>
<arg>${final_test}</arg>
<arg>0</arg>
<arg>23</arg>
<doc>Returns a substring from ``start`` index to ``end`` index.</doc>
<msg timestamp="20221013 11:54:11.096" level="INFO">${final_test} = 2022-10-13T11:54:11.095</msg>
<status status="PASS" starttime="20221013 11:54:11.096" endtime="20221013 11:54:11.096"/>
</kw>
<kw name="Create Dictionary" library="BuiltIn">
<var>${datos_test}</var>
<arg>testKey=${TEST_NAME}</arg>
<arg>start=${inicial_test}+0100</arg>
<arg>finish=${final_test}+0100</arg>
<arg>comment=${comentario}</arg>
<arg>status=${TEST STATUS}</arg>
<doc>Creates and returns a dictionary based on the given ``items``.</doc>
<msg timestamp="20221013 11:54:11.097" level="INFO">${datos_test} = {'testKey': 'ARCLMU-9999', 'start': '2022-10-13T11:53:13.276+0100', 'finish': '2022-10-13T11:54:11.095+0100', 'comment': 'Test vinculado al Test Plan ARCLMU-3181 y que se ocupa del perfil POSTPAGO RES...</msg>
<status status="PASS" starttime="20221013 11:54:11.096" endtime="20221013 11:54:11.097"/>
</kw>
<kw name="Create List" library="BuiltIn">
<var>@{lista_tests}</var>
<arg>${datos_test}</arg>
<doc>Returns a list containing given items.</doc>
<msg timestamp="20221013 11:54:11.098" level="INFO">@{lista_tests} = [ {'testKey': 'ARCLMU-9999', 'start': '2022-10-13T11:53:13.276+0100', 'finish': '2022-10-13T11:54:11.095+0100', 'comment': 'Test vinculado al Test Plan ARCLMU-3181 y que se ocupa del perfil POSTPAGO R...</msg>
<status status="PASS" starttime="20221013 11:54:11.098" endtime="20221013 11:54:11.098"/>
</kw>
<kw name="Get File" library="OperatingSystem">
<var>${xray_test}</var>
<arg>./output/xray/xray_test.json</arg>
<doc>Returns the contents of a specified file.</doc>
<msg timestamp="20221013 11:54:11.099" level="INFO" html="true">Getting file '&lt;a href="file:///Users/israel.garate/Documents/poc_fwrk/output/xray/xray_test.json"&gt;/Users/israel.garate/Documents/poc_fwrk/output/xray/xray_test.json&lt;/a&gt;'.</msg>
<msg timestamp="20221013 11:54:11.099" level="INFO">${xray_test} = {"tests": []}</msg>
<status status="PASS" starttime="20221013 11:54:11.098" endtime="20221013 11:54:11.099"/>
</kw>
<kw name="Evaluate" library="BuiltIn">
<var>${xray_test_eval}</var>
<arg>json.loads('''${xray_test}''')</arg>
<arg>json</arg>
<doc>Evaluates the given expression in Python and returns the result.</doc>
<msg timestamp="20221013 11:54:11.100" level="INFO">${xray_test_eval} = {'tests': []}</msg>
<status status="PASS" starttime="20221013 11:54:11.100" endtime="20221013 11:54:11.100"/>
</kw>
<kw name="Append To List" library="Collections">
<arg>${xray_test_eval['tests']}</arg>
<arg>@{lista_tests}</arg>
<doc>Adds ``values`` to the end of ``list``.</doc>
<status status="PASS" starttime="20221013 11:54:11.101" endtime="20221013 11:54:11.106"/>
</kw>
<kw name="Dumps" library="json">
<var>${xray_test}</var>
<arg>${xray_test_eval}</arg>
<arg>ensure_ascii=False</arg>
<doc>Serialize ``obj`` to a JSON formatted ``str``.</doc>
<msg timestamp="20221013 11:54:11.107" level="INFO">${xray_test} = {"tests": [{"testKey": "ARCLMU-9999", "start": "2022-10-13T11:53:13.276+0100", "finish": "2022-10-13T11:54:11.095+0100", "comment": "Test vinculado al Test Plan ARCLMU-3181 y que se ocupa del perfil P...</msg>
<status status="PASS" starttime="20221013 11:54:11.106" endtime="20221013 11:54:11.107"/>
</kw>
<kw name="Create File" library="OperatingSystem">
<arg>./output/xray/xray_test.json</arg>
<arg>${xray_test}</arg>
<doc>Creates a file with the given content and encoding.</doc>
<msg timestamp="20221013 11:54:11.109" level="INFO" html="true">Created file '&lt;a href="file:///Users/israel.garate/Documents/poc_fwrk/output/xray/xray_test.json"&gt;/Users/israel.garate/Documents/poc_fwrk/output/xray/xray_test.json&lt;/a&gt;'.</msg>
<status status="PASS" starttime="20221013 11:54:11.107" endtime="20221013 11:54:11.109"/>
</kw>
<status status="PASS" starttime="20221013 11:54:11.092" endtime="20221013 11:54:11.109"/>
</kw>
<kw name="Fecha y hora de fin de la Suite" library="keywords">
<kw name="Sleep" library="BuiltIn">
<arg>1</arg>
<doc>Pauses the test executed for the given time.</doc>
<msg timestamp="20221013 11:54:12.111" level="INFO">Slept 1 second</msg>
<status status="PASS" starttime="20221013 11:54:11.109" endtime="20221013 11:54:12.111"/>
</kw>
<kw name="Get Current Date" library="DateTime">
<var>${fecha_final}</var>
<arg>result_format=timestamp</arg>
<doc>Returns current local or UTC time with an optional increment.</doc>
<msg timestamp="20221013 11:54:12.113" level="INFO">${fecha_final} = 2022-10-13 11:54:12.112</msg>
<status status="PASS" starttime="20221013 11:54:12.112" endtime="20221013 11:54:12.113"/>
</kw>
<kw name="Get Current Date" library="DateTime">
<var>${fecha_final}</var>
<arg>result_format=%Y-%m-%dT%H:%M:%S.%f</arg>
<doc>Returns current local or UTC time with an optional increment.</doc>
<msg timestamp="20221013 11:54:12.113" level="INFO">${fecha_final} = 2022-10-13T11:54:12.113243</msg>
<status status="PASS" starttime="20221013 11:54:12.113" endtime="20221013 11:54:12.113"/>
</kw>
<kw name="Get Substring" library="String">
<var>${fecha_final}</var>
<arg>${fecha_final}</arg>
<arg>0</arg>
<arg>23</arg>
<doc>Returns a substring from ``start`` index to ``end`` index.</doc>
<msg timestamp="20221013 11:54:12.114" level="INFO">${fecha_final} = 2022-10-13T11:54:12.113</msg>
<status status="PASS" starttime="20221013 11:54:12.114" endtime="20221013 11:54:12.114"/>
</kw>
<kw name="Get File" library="OperatingSystem">
<var>${json_xray_suite}</var>
<arg>./output/xray/xray_suite.json</arg>
<doc>Returns the contents of a specified file.</doc>
<msg timestamp="20221013 11:54:12.115" level="INFO" html="true">Getting file '&lt;a href="file:///Users/israel.garate/Documents/poc_fwrk/output/xray/xray_suite.json"&gt;/Users/israel.garate/Documents/poc_fwrk/output/xray/xray_suite.json&lt;/a&gt;'.</msg>
<msg timestamp="20221013 11:54:12.115" level="INFO">${json_xray_suite} = {"fields": {"summary": "ACME: AREA CLIENTE MULTIPLATAFORMA ECARE", "description": "", "customfield_14817": "2022-10-13T11:52:40.854+0100", "customfield_14818": "2020-11-03T13:11:53.564+0100", "customf...</msg>
<status status="PASS" starttime="20221013 11:54:12.114" endtime="20221013 11:54:12.115"/>
</kw>
<kw name="Evaluate" library="BuiltIn">
<var>${object}</var>
<arg>json.loads('''${json_xray_suite}''')</arg>
<arg>json</arg>
<doc>Evaluates the given expression in Python and returns the result.</doc>
<msg timestamp="20221013 11:54:12.116" level="INFO">${object} = {'fields': {'summary': 'ACME: AREA CLIENTE MULTIPLATAFORMA ECARE', 'description': '', 'customfield_14817': '2022-10-13T11:52:40.854+0100', 'customfield_14818': '2020-11-03T13:11:53.564+0100', 'customf...</msg>
<status status="PASS" starttime="20221013 11:54:12.115" endtime="20221013 11:54:12.116"/>
</kw>
<kw name="Set To Dictionary" library="Collections">
<arg>${object["fields"]}</arg>
<arg>customfield_14818=${fecha_final}+0100</arg>
<doc>Adds the given ``key_value_pairs`` and ``items`` to the ``dictionary``.</doc>
<status status="PASS" starttime="20221013 11:54:12.116" endtime="20221013 11:54:12.122"/>
</kw>
<kw name="Dumps" library="json">
<var>${xray_suite}</var>
<arg>${object}</arg>
<arg>ensure_ascii=False</arg>
<doc>Serialize ``obj`` to a JSON formatted ``str``.</doc>
<msg timestamp="20221013 11:54:12.122" level="INFO">${xray_suite} = {"fields": {"summary": "ACME: AREA CLIENTE MULTIPLATAFORMA ECARE", "description": "", "customfield_14817": "2022-10-13T11:52:40.854+0100", "customfield_14818": "2022-10-13T11:54:12.113+0100", "customf...</msg>
<status status="PASS" starttime="20221013 11:54:12.122" endtime="20221013 11:54:12.122"/>
</kw>
<kw name="Create File" library="OperatingSystem">
<arg>./output/xray/xray_suite.json</arg>
<arg>${xray_suite}</arg>
<doc>Creates a file with the given content and encoding.</doc>
<msg timestamp="20221013 11:54:12.123" level="INFO" html="true">Created file '&lt;a href="file:///Users/israel.garate/Documents/poc_fwrk/output/xray/xray_suite.json"&gt;/Users/israel.garate/Documents/poc_fwrk/output/xray/xray_suite.json&lt;/a&gt;'.</msg>
<status status="PASS" starttime="20221013 11:54:12.122" endtime="20221013 11:54:12.123"/>
</kw>
<kw name="Sleep" library="BuiltIn">
<arg>5</arg>
<doc>Pauses the test executed for the given time.</doc>
<msg timestamp="20221013 11:54:17.127" level="INFO">Slept 5 seconds</msg>
<status status="PASS" starttime="20221013 11:54:12.123" endtime="20221013 11:54:17.127"/>
</kw>
<kw name="Graba video hasta aquí" library="keywords">
<kw name="Sleep" library="BuiltIn">
<arg>4</arg>
<doc>Pauses the test executed for the given time.</doc>
<msg timestamp="20221013 11:54:21.131" level="INFO">Slept 4 seconds</msg>
<status status="PASS" starttime="20221013 11:54:17.128" endtime="20221013 11:54:21.132"/>
</kw>
<kw name="Stop All Video Recordings" library="ScreenCapLibrary">
<doc>Stops all the video recordings and generates the files in WebM format. If ``embed`` argument
was set to ``True`` the videos will be displayed in the log file.</doc>
<msg timestamp="20221013 11:54:21.140" level="FAIL">No video recordings are started!</msg>
<status status="FAIL" starttime="20221013 11:54:21.136" endtime="20221013 11:54:21.141"/>
</kw>
<kw name="Log To Console" library="BuiltIn">
<arg>*</arg>
<doc>Logs the given message to the console.</doc>
<status status="PASS" starttime="20221013 11:54:21.141" endtime="20221013 11:54:21.142"/>
</kw>
<kw name="Log To Console" library="BuiltIn">
<arg>Paramos la grabación del video que encontrarás en ./output/robotframework</arg>
<doc>Logs the given message to the console.</doc>
<status status="PASS" starttime="20221013 11:54:21.142" endtime="20221013 11:54:21.142"/>
</kw>
<kw name="Log To Console" library="BuiltIn">
<arg>*</arg>
<doc>Logs the given message to the console.</doc>
<status status="PASS" starttime="20221013 11:54:21.142" endtime="20221013 11:54:21.142"/>
</kw>
<status status="FAIL" starttime="20221013 11:54:17.128" endtime="20221013 11:54:21.143"/>
</kw>
<status status="FAIL" starttime="20221013 11:54:11.109" endtime="20221013 11:54:21.143"/>
</kw>
<status status="FAIL" starttime="20221013 11:54:11.086" endtime="20221013 11:54:21.144">No video recordings are started!</status>
</kw>
<tag>TEST-000-ARCLMU-9999-Prueba de logado</tag>
<status status="FAIL" starttime="20221013 11:53:13.272" endtime="20221013 11:54:21.144">Teardown failed:
No video recordings are started!</status>
</test>
<test id="s1-t3" name="POSTCONDICION">
<kw name="Fecha y hora del inicio del test" library="keywords">
<kw name="Get Current Date" library="DateTime">
<var>${inicial_test}</var>
<arg>result_format=timestamp</arg>
<doc>Returns current local or UTC time with an optional increment.</doc>
<msg timestamp="20221013 11:54:21.148" level="INFO">${inicial_test} = 2022-10-13 11:54:21.148</msg>
<status status="PASS" starttime="20221013 11:54:21.147" endtime="20221013 11:54:21.148"/>
</kw>
<kw name="Get Current Date" library="DateTime">
<var>${inicial_test}</var>
<arg>result_format=%Y-%m-%dT%H:%M:%S.%f</arg>
<doc>Returns current local or UTC time with an optional increment.</doc>
<msg timestamp="20221013 11:54:21.148" level="INFO">${inicial_test} = 2022-10-13T11:54:21.148249</msg>
<status status="PASS" starttime="20221013 11:54:21.148" endtime="20221013 11:54:21.148"/>
</kw>
<kw name="Get Substring" library="String">
<var>${inicial_test}</var>
<arg>${inicial_test}</arg>
<arg>0</arg>
<arg>23</arg>
<doc>Returns a substring from ``start`` index to ``end`` index.</doc>
<msg timestamp="20221013 11:54:21.149" level="INFO">${inicial_test} = 2022-10-13T11:54:21.148</msg>
<status status="PASS" starttime="20221013 11:54:21.149" endtime="20221013 11:54:21.149"/>
</kw>
<kw name="Set Suite Variable" library="BuiltIn">
<arg>${inicial_test}</arg>
<doc>Makes a variable available everywhere within the scope of the current suite.</doc>
<msg timestamp="20221013 11:54:21.150" level="INFO">${inicial_test} = 2022-10-13T11:54:21.148</msg>
<status status="PASS" starttime="20221013 11:54:21.149" endtime="20221013 11:54:21.150"/>
</kw>
<kw name="Log To Console" library="BuiltIn">
<arg>*</arg>
<doc>Logs the given message to the console.</doc>
<status status="PASS" starttime="20221013 11:54:21.150" endtime="20221013 11:54:21.150"/>
</kw>
<kw name="Log To Console" library="BuiltIn">
<arg>********************************************************************************************************</arg>
<doc>Logs the given message to the console.</doc>
<status status="PASS" starttime="20221013 11:54:21.150" endtime="20221013 11:54:21.150"/>
</kw>
<kw name="Log To Console" library="BuiltIn">
<arg>********************************************************************************************************</arg>
<doc>Logs the given message to the console.</doc>
<status status="PASS" starttime="20221013 11:54:21.150" endtime="20221013 11:54:21.151"/>
</kw>
<kw name="Log To Console" library="BuiltIn">
<arg>********************************************************************************************************</arg>
<doc>Logs the given message to the console.</doc>
<status status="PASS" starttime="20221013 11:54:21.151" endtime="20221013 11:54:21.151"/>
</kw>
<kw name="Log To Console" library="BuiltIn">
<arg>TEST EN EJECUCIÓN:</arg>
<doc>Logs the given message to the console.</doc>
<status status="PASS" starttime="20221013 11:54:21.151" endtime="20221013 11:54:21.151"/>
</kw>
<kw name="Log To Console" library="BuiltIn">
<arg>${TEST_NAME}-${TEST_TAGS}</arg>
<doc>Logs the given message to the console.</doc>
<status status="PASS" starttime="20221013 11:54:21.151" endtime="20221013 11:54:21.152"/>
</kw>
<kw name="Log To Console" library="BuiltIn">
<arg>*</arg>
<doc>Logs the given message to the console.</doc>
<status status="PASS" starttime="20221013 11:54:21.152" endtime="20221013 11:54:21.152"/>
</kw>
<kw name="Log To Console" library="BuiltIn">
<arg>Se trata de un perfil ${perfil} contra el entorno ${entorno} y sobre un dispositivo real</arg>
<doc>Logs the given message to the console.</doc>
<status status="PASS" starttime="20221013 11:54:21.152" endtime="20221013 11:54:21.153"/>
</kw>
<kw name="Log To Console" library="BuiltIn">
<arg>*</arg>
<doc>Logs the given message to the console.</doc>
<status status="PASS" starttime="20221013 11:54:21.153" endtime="20221013 11:54:21.153"/>
</kw>
<kw name="Log To Console" library="BuiltIn">
<arg>********************************************************************************************************</arg>
<doc>Logs the given message to the console.</doc>
<status status="PASS" starttime="20221013 11:54:21.153" endtime="20221013 11:54:21.153"/>
</kw>
<kw name="Log To Console" library="BuiltIn">
<arg>********************************************************************************************************</arg>
<doc>Logs the given message to the console.</doc>
<status status="PASS" starttime="20221013 11:54:21.153" endtime="20221013 11:54:21.153"/>
</kw>
<kw name="Log To Console" library="BuiltIn">
<arg>********************************************************************************************************</arg>
<doc>Logs the given message to the console.</doc>
<status status="PASS" starttime="20221013 11:54:21.154" endtime="20221013 11:54:21.154"/>
</kw>
<status status="PASS" starttime="20221013 11:54:21.147" endtime="20221013 11:54:21.154"/>
</kw>
<kw name="Teardown POSTCONDICION" library="teardown_ARCLMU_3181" type="TEARDOWN">
<kw name="Log To Console" library="BuiltIn">
<arg>Esta es la POSTCONDICIÓN</arg>
<doc>Logs the given message to the console.</doc>
<status status="PASS" starttime="20221013 11:54:21.154" endtime="20221013 11:54:21.155"/>
</kw>
<kw name="Fecha y hora de fin del test" library="keywords">
<kw name="Get Current Date" library="DateTime">
<var>${final_test}</var>
<arg>local</arg>
<arg>exclude_millis=yes</arg>
<arg>result_format=%Y-%m-%dT%H:%M:%S+01:00</arg>
<doc>Returns current local or UTC time with an optional increment.</doc>
<msg timestamp="20221013 11:54:21.156" level="INFO">${final_test} = 2022-10-13T11:54:21+01:00</msg>
<status status="PASS" starttime="20221013 11:54:21.155" endtime="20221013 11:54:21.156"/>
</kw>
<kw name="Get Current Date" library="DateTime">
<var>${final_test}</var>
<arg>result_format=timestamp</arg>
<doc>Returns current local or UTC time with an optional increment.</doc>
<msg timestamp="20221013 11:54:21.156" level="INFO">${final_test} = 2022-10-13 11:54:21.156</msg>
<status status="PASS" starttime="20221013 11:54:21.156" endtime="20221013 11:54:21.156"/>
</kw>
<kw name="Get Current Date" library="DateTime">
<var>${final_test}</var>
<arg>result_format=%Y-%m-%dT%H:%M:%S.%f</arg>
<doc>Returns current local or UTC time with an optional increment.</doc>
<msg timestamp="20221013 11:54:21.156" level="INFO">${final_test} = 2022-10-13T11:54:21.156124</msg>
<status status="PASS" starttime="20221013 11:54:21.156" endtime="20221013 11:54:21.156"/>
</kw>
<kw name="Get Substring" library="String">
<var>${final_test}</var>
<arg>${final_test}</arg>
<arg>0</arg>
<arg>23</arg>
<doc>Returns a substring from ``start`` index to ``end`` index.</doc>
<msg timestamp="20221013 11:54:21.157" level="INFO">${final_test} = 2022-10-13T11:54:21.156</msg>
<status status="PASS" starttime="20221013 11:54:21.156" endtime="20221013 11:54:21.157"/>
</kw>
<kw name="Create Dictionary" library="BuiltIn">
<var>${datos_test}</var>
<arg>testKey=${TEST_NAME}</arg>
<arg>start=${inicial_test}+0100</arg>
<arg>finish=${final_test}+0100</arg>
<arg>comment=${comentario}</arg>
<arg>status=${TEST STATUS}</arg>
<doc>Creates and returns a dictionary based on the given ``items``.</doc>
<msg timestamp="20221013 11:54:21.157" level="INFO">${datos_test} = {'testKey': 'POSTCONDICION', 'start': '2022-10-13T11:54:21.148+0100', 'finish': '2022-10-13T11:54:21.156+0100', 'comment': 'Test vinculado al Test Plan ARCLMU-3181 y que se ocupa del perfil POSTPAGO R...</msg>
<status status="PASS" starttime="20221013 11:54:21.157" endtime="20221013 11:54:21.157"/>
</kw>
<kw name="Create List" library="BuiltIn">
<var>@{lista_tests}</var>
<arg>${datos_test}</arg>
<doc>Returns a list containing given items.</doc>
<msg timestamp="20221013 11:54:21.158" level="INFO">@{lista_tests} = [ {'testKey': 'POSTCONDICION', 'start': '2022-10-13T11:54:21.148+0100', 'finish': '2022-10-13T11:54:21.156+0100', 'comment': 'Test vinculado al Test Plan ARCLMU-3181 y que se ocupa del perfil POSTPAGO...</msg>
<status status="PASS" starttime="20221013 11:54:21.158" endtime="20221013 11:54:21.158"/>
</kw>
<kw name="Get File" library="OperatingSystem">
<var>${xray_test}</var>
<arg>./output/xray/xray_test.json</arg>
<doc>Returns the contents of a specified file.</doc>
<msg timestamp="20221013 11:54:21.158" level="INFO" html="true">Getting file '&lt;a href="file:///Users/israel.garate/Documents/poc_fwrk/output/xray/xray_test.json"&gt;/Users/israel.garate/Documents/poc_fwrk/output/xray/xray_test.json&lt;/a&gt;'.</msg>
<msg timestamp="20221013 11:54:21.158" level="INFO">${xray_test} = {"tests": [{"testKey": "ARCLMU-9999", "start": "2022-10-13T11:53:13.276+0100", "finish": "2022-10-13T11:54:11.095+0100", "comment": "Test vinculado al Test Plan ARCLMU-3181 y que se ocupa del perfil P...</msg>
<status status="PASS" starttime="20221013 11:54:21.158" endtime="20221013 11:54:21.158"/>
</kw>
<kw name="Evaluate" library="BuiltIn">
<var>${xray_test_eval}</var>
<arg>json.loads('''${xray_test}''')</arg>
<arg>json</arg>
<doc>Evaluates the given expression in Python and returns the result.</doc>
<msg timestamp="20221013 11:54:21.159" level="INFO">${xray_test_eval} = {'tests': [{'testKey': 'ARCLMU-9999', 'start': '2022-10-13T11:53:13.276+0100', 'finish': '2022-10-13T11:54:11.095+0100', 'comment': 'Test vinculado al Test Plan ARCLMU-3181 y que se ocupa del perfil P...</msg>
<status status="PASS" starttime="20221013 11:54:21.159" endtime="20221013 11:54:21.159"/>
</kw>
<kw name="Append To List" library="Collections">
<arg>${xray_test_eval['tests']}</arg>
<arg>@{lista_tests}</arg>
<doc>Adds ``values`` to the end of ``list``.</doc>
<status status="PASS" starttime="20221013 11:54:21.159" endtime="20221013 11:54:21.163"/>
</kw>
<kw name="Dumps" library="json">
<var>${xray_test}</var>
<arg>${xray_test_eval}</arg>
<arg>ensure_ascii=False</arg>
<doc>Serialize ``obj`` to a JSON formatted ``str``.</doc>
<msg timestamp="20221013 11:54:21.163" level="INFO">${xray_test} = {"tests": [{"testKey": "ARCLMU-9999", "start": "2022-10-13T11:53:13.276+0100", "finish": "2022-10-13T11:54:11.095+0100", "comment": "Test vinculado al Test Plan ARCLMU-3181 y que se ocupa del perfil P...</msg>
<status status="PASS" starttime="20221013 11:54:21.163" endtime="20221013 11:54:21.163"/>
</kw>
<kw name="Create File" library="OperatingSystem">
<arg>./output/xray/xray_test.json</arg>
<arg>${xray_test}</arg>
<doc>Creates a file with the given content and encoding.</doc>
<msg timestamp="20221013 11:54:21.164" level="INFO" html="true">Created file '&lt;a href="file:///Users/israel.garate/Documents/poc_fwrk/output/xray/xray_test.json"&gt;/Users/israel.garate/Documents/poc_fwrk/output/xray/xray_test.json&lt;/a&gt;'.</msg>
<status status="PASS" starttime="20221013 11:54:21.163" endtime="20221013 11:54:21.164"/>
</kw>
<status status="PASS" starttime="20221013 11:54:21.155" endtime="20221013 11:54:21.164"/>
</kw>
<status status="PASS" starttime="20221013 11:54:21.154" endtime="20221013 11:54:21.164"/>
</kw>
<status status="PASS" starttime="20221013 11:54:21.146" endtime="20221013 11:54:21.164"/>
</test>
<status status="FAIL" starttime="20221013 11:52:40.054" endtime="20221013 11:54:21.165"/>
</suite>
<statistics>
<total>
<stat pass="2" fail="1" skip="0">All Tests</stat>
</total>
<tag>
<stat pass="0" fail="1" skip="0">TEST-000-ARCLMU-9999-Prueba de logado</stat>
</tag>
<suite>
<stat pass="2" fail="1" skip="0" id="s1" name="ARCLMU-3181">ARCLMU-3181</stat>
</suite>
</statistics>
<errors>
</errors>
</robot>
